

================================================================
== Vitis HLS Report for 'mpd_data_processor_main'
================================================================
* Date:           Fri Jun 28 16:03:22 2024

* Version:        2023.1 (Build 3854077 on May  4 2023)
* Project:        mpd_data_processor
* Solution:       solution1 (Vivado IP Flow Target)
* Product family: kintexu
* Target device:  xcku035-ffva1156-1-i


================================================================
== Performance Estimates
================================================================
+ Timing: 
    * Summary: 
    +--------+---------+-----------+------------+
    |  Clock |  Target | Estimated | Uncertainty|
    +--------+---------+-----------+------------+
    |ap_clk  |  8.00 ns|  10.668 ns|     1.00 ns|
    +--------+---------+-----------+------------+

+ Latency: 
    * Summary: 
    +---------+---------+----------+----------+-----+-----+----------+
    |  Latency (cycles) |  Latency (absolute) |  Interval | Pipeline |
    |   min   |   max   |    min   |    max   | min | max |   Type   |
    +---------+---------+----------+----------+-----+-----+----------+
    |      114|      114|  1.216 us|  1.216 us|   64|   64|  dataflow|
    +---------+---------+----------+----------+-----+-----+----------+

    + Detail: 
        * Instance: 
        N/A

        * Loop: 
        N/A

============================================================
+ Verbose Summary: Synthesis Manager
============================================================
InlineROM: 1
ExposeGlobal: 0
============================================================
+ Verbose Summary: CDFG Model
============================================================
IsTopModel: 1
ResetActiveHigh: 1
IsCombinational: 2
IsDatapathOnly: 0
HasWiredReturn: 1
HasMFsm: 0
HasVarLatency: 1
IsPipeline: 0
IsRtlPipelined: 0
IsInstanceOverlapped: 0
IsDontTouch: 0
HasImplIP: 0
IsGatedGlobalClock: 0


============================================================
+ Verbose Summary: Schedule
============================================================
* Number of FSM states : 117
* Pipeline : 0
* Dataflow Pipeline: 1
  DF-Pipeline-0: Size = 117, States = { 1 2 3 4 5 6 7 8 9 10 11 12 13 14 15 16 17 18 19 20 21 22 23 24 25 26 27 28 29 30 31 32 33 34 35 36 37 38 39 40 41 42 43 44 45 46 47 48 49 50 51 52 53 54 55 56 57 58 59 60 61 62 63 64 65 66 67 68 69 70 71 72 73 74 75 76 77 78 79 80 81 82 83 84 85 86 87 88 89 90 91 92 93 94 95 96 97 98 99 100 101 102 103 104 105 106 107 108 109 110 111 112 113 114 115 116 117 }

* FSM state transitions: 
1 --> 2 
2 --> 3 
3 --> 4 
4 --> 5 
5 --> 6 
6 --> 7 
7 --> 8 
8 --> 9 
9 --> 10 
10 --> 11 
11 --> 12 
12 --> 13 
13 --> 14 
14 --> 15 
15 --> 16 
16 --> 17 
17 --> 18 
18 --> 19 
19 --> 20 
20 --> 21 
21 --> 22 
22 --> 23 
23 --> 24 
24 --> 25 
25 --> 26 
26 --> 27 
27 --> 28 
28 --> 29 
29 --> 30 
30 --> 31 
31 --> 32 
32 --> 33 
33 --> 34 
34 --> 35 
35 --> 36 
36 --> 37 
37 --> 38 
38 --> 39 
39 --> 40 
40 --> 41 
41 --> 42 
42 --> 43 
43 --> 44 
44 --> 45 
45 --> 46 
46 --> 47 
47 --> 48 
48 --> 49 
49 --> 50 
50 --> 51 
51 --> 52 
52 --> 53 
53 --> 54 
54 --> 55 
55 --> 56 
56 --> 57 
57 --> 58 
58 --> 59 
59 --> 60 
60 --> 61 
61 --> 62 
62 --> 63 
63 --> 64 
64 --> 65 
65 --> 66 
66 --> 67 
67 --> 68 
68 --> 69 
69 --> 70 
70 --> 71 
71 --> 72 
72 --> 73 
73 --> 74 
74 --> 75 
75 --> 76 
76 --> 77 
77 --> 78 
78 --> 79 
79 --> 80 
80 --> 81 
81 --> 82 
82 --> 83 
83 --> 84 
84 --> 85 
85 --> 86 
86 --> 87 
87 --> 88 
88 --> 89 
89 --> 90 
90 --> 91 
91 --> 92 
92 --> 93 
93 --> 94 
94 --> 95 
95 --> 96 
96 --> 97 
97 --> 98 
98 --> 99 
99 --> 100 
100 --> 101 
101 --> 102 
102 --> 103 
103 --> 104 
104 --> 105 
105 --> 106 
106 --> 107 
107 --> 108 
108 --> 109 
109 --> 110 
110 --> 111 
111 --> 112 
112 --> 113 
113 --> 114 
114 --> 115 
115 --> 116 
116 --> 117 
117 --> 

* FSM state operations: 

State 1 <SV = 0> <Delay = 0.00>
ST_1 : Operation 118 [4/4] (0.00ns)   --->   "%call_ln477 = call void @frame_decoder, i33 %s_evIn, i26 %m_offset, i2 %ps, i20 %avg_pre_header_sum, i8 %avg_pre_header_cnt, i5 %mpd_id, i1 %avg_pre_header_tag, i64 %s_avgAPreHeader, i4 %apv_id, i6 %adc_word_cnt, i13 %minmax_min, i13 %minmax_max, i13 %s_avgASamples" [../mpd_data_processor.cpp:477]   --->   Operation 118 'call' 'call_ln477' <Predicate = true> <Delay = 0.00> <CoreType = "Generic">   --->   Core 0 '' <Latency = 0> <II = 1> <Delay = 1.00> <Generic> <Opcode : >

State 2 <SV = 1> <Delay = 0.00>
ST_2 : Operation 119 [3/4] (0.00ns)   --->   "%call_ln477 = call void @frame_decoder, i33 %s_evIn, i26 %m_offset, i2 %ps, i20 %avg_pre_header_sum, i8 %avg_pre_header_cnt, i5 %mpd_id, i1 %avg_pre_header_tag, i64 %s_avgAPreHeader, i4 %apv_id, i6 %adc_word_cnt, i13 %minmax_min, i13 %minmax_max, i13 %s_avgASamples" [../mpd_data_processor.cpp:477]   --->   Operation 119 'call' 'call_ln477' <Predicate = true> <Delay = 0.00> <CoreType = "Generic">   --->   Core 0 '' <Latency = 0> <II = 1> <Delay = 1.00> <Generic> <Opcode : >

State 3 <SV = 2> <Delay = 0.00>
ST_3 : Operation 120 [2/4] (0.00ns)   --->   "%call_ln477 = call void @frame_decoder, i33 %s_evIn, i26 %m_offset, i2 %ps, i20 %avg_pre_header_sum, i8 %avg_pre_header_cnt, i5 %mpd_id, i1 %avg_pre_header_tag, i64 %s_avgAPreHeader, i4 %apv_id, i6 %adc_word_cnt, i13 %minmax_min, i13 %minmax_max, i13 %s_avgASamples" [../mpd_data_processor.cpp:477]   --->   Operation 120 'call' 'call_ln477' <Predicate = true> <Delay = 0.00> <CoreType = "Generic">   --->   Core 0 '' <Latency = 0> <II = 1> <Delay = 1.00> <Generic> <Opcode : >

State 4 <SV = 3> <Delay = 0.00>
ST_4 : Operation 121 [1/4] (0.00ns)   --->   "%call_ln477 = call void @frame_decoder, i33 %s_evIn, i26 %m_offset, i2 %ps, i20 %avg_pre_header_sum, i8 %avg_pre_header_cnt, i5 %mpd_id, i1 %avg_pre_header_tag, i64 %s_avgAPreHeader, i4 %apv_id, i6 %adc_word_cnt, i13 %minmax_min, i13 %minmax_max, i13 %s_avgASamples" [../mpd_data_processor.cpp:477]   --->   Operation 121 'call' 'call_ln477' <Predicate = true> <Delay = 0.00> <CoreType = "Generic">   --->   Core 0 '' <Latency = 0> <II = 1> <Delay = 1.00> <Generic> <Opcode : >

State 5 <SV = 4> <Delay = 0.00>
ST_5 : Operation 122 [89/89] (0.00ns)   --->   "%call_ln479 = call void @avgHeaderDiv, i64 %s_avgAPreHeader, i1 %last, i64 %s_avgBPreHeader, i32 %s_avgAHeader, i32 %s_avgBHeader" [../mpd_data_processor.cpp:479]   --->   Operation 122 'call' 'call_ln479' <Predicate = true> <Delay = 0.00> <CoreType = "Generic">   --->   Core 0 '' <Latency = 0> <II = 1> <Delay = 1.00> <Generic> <Opcode : >

State 6 <SV = 5> <Delay = 0.00>
ST_6 : Operation 123 [88/89] (0.00ns)   --->   "%call_ln479 = call void @avgHeaderDiv, i64 %s_avgAPreHeader, i1 %last, i64 %s_avgBPreHeader, i32 %s_avgAHeader, i32 %s_avgBHeader" [../mpd_data_processor.cpp:479]   --->   Operation 123 'call' 'call_ln479' <Predicate = true> <Delay = 0.00> <CoreType = "Generic">   --->   Core 0 '' <Latency = 0> <II = 1> <Delay = 1.00> <Generic> <Opcode : >

State 7 <SV = 6> <Delay = 0.00>
ST_7 : Operation 124 [87/89] (0.00ns)   --->   "%call_ln479 = call void @avgHeaderDiv, i64 %s_avgAPreHeader, i1 %last, i64 %s_avgBPreHeader, i32 %s_avgAHeader, i32 %s_avgBHeader" [../mpd_data_processor.cpp:479]   --->   Operation 124 'call' 'call_ln479' <Predicate = true> <Delay = 0.00> <CoreType = "Generic">   --->   Core 0 '' <Latency = 0> <II = 1> <Delay = 1.00> <Generic> <Opcode : >

State 8 <SV = 7> <Delay = 0.00>
ST_8 : Operation 125 [86/89] (0.00ns)   --->   "%call_ln479 = call void @avgHeaderDiv, i64 %s_avgAPreHeader, i1 %last, i64 %s_avgBPreHeader, i32 %s_avgAHeader, i32 %s_avgBHeader" [../mpd_data_processor.cpp:479]   --->   Operation 125 'call' 'call_ln479' <Predicate = true> <Delay = 0.00> <CoreType = "Generic">   --->   Core 0 '' <Latency = 0> <II = 1> <Delay = 1.00> <Generic> <Opcode : >

State 9 <SV = 8> <Delay = 0.00>
ST_9 : Operation 126 [85/89] (0.00ns)   --->   "%call_ln479 = call void @avgHeaderDiv, i64 %s_avgAPreHeader, i1 %last, i64 %s_avgBPreHeader, i32 %s_avgAHeader, i32 %s_avgBHeader" [../mpd_data_processor.cpp:479]   --->   Operation 126 'call' 'call_ln479' <Predicate = true> <Delay = 0.00> <CoreType = "Generic">   --->   Core 0 '' <Latency = 0> <II = 1> <Delay = 1.00> <Generic> <Opcode : >

State 10 <SV = 9> <Delay = 0.00>
ST_10 : Operation 127 [84/89] (0.00ns)   --->   "%call_ln479 = call void @avgHeaderDiv, i64 %s_avgAPreHeader, i1 %last, i64 %s_avgBPreHeader, i32 %s_avgAHeader, i32 %s_avgBHeader" [../mpd_data_processor.cpp:479]   --->   Operation 127 'call' 'call_ln479' <Predicate = true> <Delay = 0.00> <CoreType = "Generic">   --->   Core 0 '' <Latency = 0> <II = 1> <Delay = 1.00> <Generic> <Opcode : >

State 11 <SV = 10> <Delay = 0.00>
ST_11 : Operation 128 [83/89] (0.00ns)   --->   "%call_ln479 = call void @avgHeaderDiv, i64 %s_avgAPreHeader, i1 %last, i64 %s_avgBPreHeader, i32 %s_avgAHeader, i32 %s_avgBHeader" [../mpd_data_processor.cpp:479]   --->   Operation 128 'call' 'call_ln479' <Predicate = true> <Delay = 0.00> <CoreType = "Generic">   --->   Core 0 '' <Latency = 0> <II = 1> <Delay = 1.00> <Generic> <Opcode : >

State 12 <SV = 11> <Delay = 0.00>
ST_12 : Operation 129 [82/89] (0.00ns)   --->   "%call_ln479 = call void @avgHeaderDiv, i64 %s_avgAPreHeader, i1 %last, i64 %s_avgBPreHeader, i32 %s_avgAHeader, i32 %s_avgBHeader" [../mpd_data_processor.cpp:479]   --->   Operation 129 'call' 'call_ln479' <Predicate = true> <Delay = 0.00> <CoreType = "Generic">   --->   Core 0 '' <Latency = 0> <II = 1> <Delay = 1.00> <Generic> <Opcode : >

State 13 <SV = 12> <Delay = 0.00>
ST_13 : Operation 130 [81/89] (0.00ns)   --->   "%call_ln479 = call void @avgHeaderDiv, i64 %s_avgAPreHeader, i1 %last, i64 %s_avgBPreHeader, i32 %s_avgAHeader, i32 %s_avgBHeader" [../mpd_data_processor.cpp:479]   --->   Operation 130 'call' 'call_ln479' <Predicate = true> <Delay = 0.00> <CoreType = "Generic">   --->   Core 0 '' <Latency = 0> <II = 1> <Delay = 1.00> <Generic> <Opcode : >

State 14 <SV = 13> <Delay = 0.00>
ST_14 : Operation 131 [80/89] (0.00ns)   --->   "%call_ln479 = call void @avgHeaderDiv, i64 %s_avgAPreHeader, i1 %last, i64 %s_avgBPreHeader, i32 %s_avgAHeader, i32 %s_avgBHeader" [../mpd_data_processor.cpp:479]   --->   Operation 131 'call' 'call_ln479' <Predicate = true> <Delay = 0.00> <CoreType = "Generic">   --->   Core 0 '' <Latency = 0> <II = 1> <Delay = 1.00> <Generic> <Opcode : >

State 15 <SV = 14> <Delay = 0.00>
ST_15 : Operation 132 [79/89] (0.00ns)   --->   "%call_ln479 = call void @avgHeaderDiv, i64 %s_avgAPreHeader, i1 %last, i64 %s_avgBPreHeader, i32 %s_avgAHeader, i32 %s_avgBHeader" [../mpd_data_processor.cpp:479]   --->   Operation 132 'call' 'call_ln479' <Predicate = true> <Delay = 0.00> <CoreType = "Generic">   --->   Core 0 '' <Latency = 0> <II = 1> <Delay = 1.00> <Generic> <Opcode : >

State 16 <SV = 15> <Delay = 0.00>
ST_16 : Operation 133 [78/89] (0.00ns)   --->   "%call_ln479 = call void @avgHeaderDiv, i64 %s_avgAPreHeader, i1 %last, i64 %s_avgBPreHeader, i32 %s_avgAHeader, i32 %s_avgBHeader" [../mpd_data_processor.cpp:479]   --->   Operation 133 'call' 'call_ln479' <Predicate = true> <Delay = 0.00> <CoreType = "Generic">   --->   Core 0 '' <Latency = 0> <II = 1> <Delay = 1.00> <Generic> <Opcode : >

State 17 <SV = 16> <Delay = 0.00>
ST_17 : Operation 134 [77/89] (0.00ns)   --->   "%call_ln479 = call void @avgHeaderDiv, i64 %s_avgAPreHeader, i1 %last, i64 %s_avgBPreHeader, i32 %s_avgAHeader, i32 %s_avgBHeader" [../mpd_data_processor.cpp:479]   --->   Operation 134 'call' 'call_ln479' <Predicate = true> <Delay = 0.00> <CoreType = "Generic">   --->   Core 0 '' <Latency = 0> <II = 1> <Delay = 1.00> <Generic> <Opcode : >

State 18 <SV = 17> <Delay = 0.00>
ST_18 : Operation 135 [76/89] (0.00ns)   --->   "%call_ln479 = call void @avgHeaderDiv, i64 %s_avgAPreHeader, i1 %last, i64 %s_avgBPreHeader, i32 %s_avgAHeader, i32 %s_avgBHeader" [../mpd_data_processor.cpp:479]   --->   Operation 135 'call' 'call_ln479' <Predicate = true> <Delay = 0.00> <CoreType = "Generic">   --->   Core 0 '' <Latency = 0> <II = 1> <Delay = 1.00> <Generic> <Opcode : >

State 19 <SV = 18> <Delay = 0.00>
ST_19 : Operation 136 [75/89] (0.00ns)   --->   "%call_ln479 = call void @avgHeaderDiv, i64 %s_avgAPreHeader, i1 %last, i64 %s_avgBPreHeader, i32 %s_avgAHeader, i32 %s_avgBHeader" [../mpd_data_processor.cpp:479]   --->   Operation 136 'call' 'call_ln479' <Predicate = true> <Delay = 0.00> <CoreType = "Generic">   --->   Core 0 '' <Latency = 0> <II = 1> <Delay = 1.00> <Generic> <Opcode : >

State 20 <SV = 19> <Delay = 0.00>
ST_20 : Operation 137 [74/89] (0.00ns)   --->   "%call_ln479 = call void @avgHeaderDiv, i64 %s_avgAPreHeader, i1 %last, i64 %s_avgBPreHeader, i32 %s_avgAHeader, i32 %s_avgBHeader" [../mpd_data_processor.cpp:479]   --->   Operation 137 'call' 'call_ln479' <Predicate = true> <Delay = 0.00> <CoreType = "Generic">   --->   Core 0 '' <Latency = 0> <II = 1> <Delay = 1.00> <Generic> <Opcode : >

State 21 <SV = 20> <Delay = 0.00>
ST_21 : Operation 138 [73/89] (0.00ns)   --->   "%call_ln479 = call void @avgHeaderDiv, i64 %s_avgAPreHeader, i1 %last, i64 %s_avgBPreHeader, i32 %s_avgAHeader, i32 %s_avgBHeader" [../mpd_data_processor.cpp:479]   --->   Operation 138 'call' 'call_ln479' <Predicate = true> <Delay = 0.00> <CoreType = "Generic">   --->   Core 0 '' <Latency = 0> <II = 1> <Delay = 1.00> <Generic> <Opcode : >

State 22 <SV = 21> <Delay = 0.00>
ST_22 : Operation 139 [72/89] (0.00ns)   --->   "%call_ln479 = call void @avgHeaderDiv, i64 %s_avgAPreHeader, i1 %last, i64 %s_avgBPreHeader, i32 %s_avgAHeader, i32 %s_avgBHeader" [../mpd_data_processor.cpp:479]   --->   Operation 139 'call' 'call_ln479' <Predicate = true> <Delay = 0.00> <CoreType = "Generic">   --->   Core 0 '' <Latency = 0> <II = 1> <Delay = 1.00> <Generic> <Opcode : >

State 23 <SV = 22> <Delay = 0.00>
ST_23 : Operation 140 [71/89] (0.00ns)   --->   "%call_ln479 = call void @avgHeaderDiv, i64 %s_avgAPreHeader, i1 %last, i64 %s_avgBPreHeader, i32 %s_avgAHeader, i32 %s_avgBHeader" [../mpd_data_processor.cpp:479]   --->   Operation 140 'call' 'call_ln479' <Predicate = true> <Delay = 0.00> <CoreType = "Generic">   --->   Core 0 '' <Latency = 0> <II = 1> <Delay = 1.00> <Generic> <Opcode : >

State 24 <SV = 23> <Delay = 0.00>
ST_24 : Operation 141 [70/89] (0.00ns)   --->   "%call_ln479 = call void @avgHeaderDiv, i64 %s_avgAPreHeader, i1 %last, i64 %s_avgBPreHeader, i32 %s_avgAHeader, i32 %s_avgBHeader" [../mpd_data_processor.cpp:479]   --->   Operation 141 'call' 'call_ln479' <Predicate = true> <Delay = 0.00> <CoreType = "Generic">   --->   Core 0 '' <Latency = 0> <II = 1> <Delay = 1.00> <Generic> <Opcode : >

State 25 <SV = 24> <Delay = 0.00>
ST_25 : Operation 142 [69/89] (0.00ns)   --->   "%call_ln479 = call void @avgHeaderDiv, i64 %s_avgAPreHeader, i1 %last, i64 %s_avgBPreHeader, i32 %s_avgAHeader, i32 %s_avgBHeader" [../mpd_data_processor.cpp:479]   --->   Operation 142 'call' 'call_ln479' <Predicate = true> <Delay = 0.00> <CoreType = "Generic">   --->   Core 0 '' <Latency = 0> <II = 1> <Delay = 1.00> <Generic> <Opcode : >

State 26 <SV = 25> <Delay = 0.00>
ST_26 : Operation 143 [68/89] (0.00ns)   --->   "%call_ln479 = call void @avgHeaderDiv, i64 %s_avgAPreHeader, i1 %last, i64 %s_avgBPreHeader, i32 %s_avgAHeader, i32 %s_avgBHeader" [../mpd_data_processor.cpp:479]   --->   Operation 143 'call' 'call_ln479' <Predicate = true> <Delay = 0.00> <CoreType = "Generic">   --->   Core 0 '' <Latency = 0> <II = 1> <Delay = 1.00> <Generic> <Opcode : >

State 27 <SV = 26> <Delay = 0.00>
ST_27 : Operation 144 [67/89] (0.00ns)   --->   "%call_ln479 = call void @avgHeaderDiv, i64 %s_avgAPreHeader, i1 %last, i64 %s_avgBPreHeader, i32 %s_avgAHeader, i32 %s_avgBHeader" [../mpd_data_processor.cpp:479]   --->   Operation 144 'call' 'call_ln479' <Predicate = true> <Delay = 0.00> <CoreType = "Generic">   --->   Core 0 '' <Latency = 0> <II = 1> <Delay = 1.00> <Generic> <Opcode : >

State 28 <SV = 27> <Delay = 0.00>
ST_28 : Operation 145 [66/89] (0.00ns)   --->   "%call_ln479 = call void @avgHeaderDiv, i64 %s_avgAPreHeader, i1 %last, i64 %s_avgBPreHeader, i32 %s_avgAHeader, i32 %s_avgBHeader" [../mpd_data_processor.cpp:479]   --->   Operation 145 'call' 'call_ln479' <Predicate = true> <Delay = 0.00> <CoreType = "Generic">   --->   Core 0 '' <Latency = 0> <II = 1> <Delay = 1.00> <Generic> <Opcode : >

State 29 <SV = 28> <Delay = 0.00>
ST_29 : Operation 146 [65/89] (0.00ns)   --->   "%call_ln479 = call void @avgHeaderDiv, i64 %s_avgAPreHeader, i1 %last, i64 %s_avgBPreHeader, i32 %s_avgAHeader, i32 %s_avgBHeader" [../mpd_data_processor.cpp:479]   --->   Operation 146 'call' 'call_ln479' <Predicate = true> <Delay = 0.00> <CoreType = "Generic">   --->   Core 0 '' <Latency = 0> <II = 1> <Delay = 1.00> <Generic> <Opcode : >

State 30 <SV = 29> <Delay = 0.00>
ST_30 : Operation 147 [64/89] (0.00ns)   --->   "%call_ln479 = call void @avgHeaderDiv, i64 %s_avgAPreHeader, i1 %last, i64 %s_avgBPreHeader, i32 %s_avgAHeader, i32 %s_avgBHeader" [../mpd_data_processor.cpp:479]   --->   Operation 147 'call' 'call_ln479' <Predicate = true> <Delay = 0.00> <CoreType = "Generic">   --->   Core 0 '' <Latency = 0> <II = 1> <Delay = 1.00> <Generic> <Opcode : >

State 31 <SV = 30> <Delay = 0.00>
ST_31 : Operation 148 [63/89] (0.00ns)   --->   "%call_ln479 = call void @avgHeaderDiv, i64 %s_avgAPreHeader, i1 %last, i64 %s_avgBPreHeader, i32 %s_avgAHeader, i32 %s_avgBHeader" [../mpd_data_processor.cpp:479]   --->   Operation 148 'call' 'call_ln479' <Predicate = true> <Delay = 0.00> <CoreType = "Generic">   --->   Core 0 '' <Latency = 0> <II = 1> <Delay = 1.00> <Generic> <Opcode : >

State 32 <SV = 31> <Delay = 0.00>
ST_32 : Operation 149 [62/89] (0.00ns)   --->   "%call_ln479 = call void @avgHeaderDiv, i64 %s_avgAPreHeader, i1 %last, i64 %s_avgBPreHeader, i32 %s_avgAHeader, i32 %s_avgBHeader" [../mpd_data_processor.cpp:479]   --->   Operation 149 'call' 'call_ln479' <Predicate = true> <Delay = 0.00> <CoreType = "Generic">   --->   Core 0 '' <Latency = 0> <II = 1> <Delay = 1.00> <Generic> <Opcode : >

State 33 <SV = 32> <Delay = 0.00>
ST_33 : Operation 150 [61/89] (0.00ns)   --->   "%call_ln479 = call void @avgHeaderDiv, i64 %s_avgAPreHeader, i1 %last, i64 %s_avgBPreHeader, i32 %s_avgAHeader, i32 %s_avgBHeader" [../mpd_data_processor.cpp:479]   --->   Operation 150 'call' 'call_ln479' <Predicate = true> <Delay = 0.00> <CoreType = "Generic">   --->   Core 0 '' <Latency = 0> <II = 1> <Delay = 1.00> <Generic> <Opcode : >

State 34 <SV = 33> <Delay = 0.00>
ST_34 : Operation 151 [60/89] (0.00ns)   --->   "%call_ln479 = call void @avgHeaderDiv, i64 %s_avgAPreHeader, i1 %last, i64 %s_avgBPreHeader, i32 %s_avgAHeader, i32 %s_avgBHeader" [../mpd_data_processor.cpp:479]   --->   Operation 151 'call' 'call_ln479' <Predicate = true> <Delay = 0.00> <CoreType = "Generic">   --->   Core 0 '' <Latency = 0> <II = 1> <Delay = 1.00> <Generic> <Opcode : >

State 35 <SV = 34> <Delay = 0.00>
ST_35 : Operation 152 [59/89] (0.00ns)   --->   "%call_ln479 = call void @avgHeaderDiv, i64 %s_avgAPreHeader, i1 %last, i64 %s_avgBPreHeader, i32 %s_avgAHeader, i32 %s_avgBHeader" [../mpd_data_processor.cpp:479]   --->   Operation 152 'call' 'call_ln479' <Predicate = true> <Delay = 0.00> <CoreType = "Generic">   --->   Core 0 '' <Latency = 0> <II = 1> <Delay = 1.00> <Generic> <Opcode : >

State 36 <SV = 35> <Delay = 0.00>
ST_36 : Operation 153 [58/89] (0.00ns)   --->   "%call_ln479 = call void @avgHeaderDiv, i64 %s_avgAPreHeader, i1 %last, i64 %s_avgBPreHeader, i32 %s_avgAHeader, i32 %s_avgBHeader" [../mpd_data_processor.cpp:479]   --->   Operation 153 'call' 'call_ln479' <Predicate = true> <Delay = 0.00> <CoreType = "Generic">   --->   Core 0 '' <Latency = 0> <II = 1> <Delay = 1.00> <Generic> <Opcode : >

State 37 <SV = 36> <Delay = 0.00>
ST_37 : Operation 154 [57/89] (0.00ns)   --->   "%call_ln479 = call void @avgHeaderDiv, i64 %s_avgAPreHeader, i1 %last, i64 %s_avgBPreHeader, i32 %s_avgAHeader, i32 %s_avgBHeader" [../mpd_data_processor.cpp:479]   --->   Operation 154 'call' 'call_ln479' <Predicate = true> <Delay = 0.00> <CoreType = "Generic">   --->   Core 0 '' <Latency = 0> <II = 1> <Delay = 1.00> <Generic> <Opcode : >

State 38 <SV = 37> <Delay = 0.00>
ST_38 : Operation 155 [56/89] (0.00ns)   --->   "%call_ln479 = call void @avgHeaderDiv, i64 %s_avgAPreHeader, i1 %last, i64 %s_avgBPreHeader, i32 %s_avgAHeader, i32 %s_avgBHeader" [../mpd_data_processor.cpp:479]   --->   Operation 155 'call' 'call_ln479' <Predicate = true> <Delay = 0.00> <CoreType = "Generic">   --->   Core 0 '' <Latency = 0> <II = 1> <Delay = 1.00> <Generic> <Opcode : >

State 39 <SV = 38> <Delay = 0.00>
ST_39 : Operation 156 [55/89] (0.00ns)   --->   "%call_ln479 = call void @avgHeaderDiv, i64 %s_avgAPreHeader, i1 %last, i64 %s_avgBPreHeader, i32 %s_avgAHeader, i32 %s_avgBHeader" [../mpd_data_processor.cpp:479]   --->   Operation 156 'call' 'call_ln479' <Predicate = true> <Delay = 0.00> <CoreType = "Generic">   --->   Core 0 '' <Latency = 0> <II = 1> <Delay = 1.00> <Generic> <Opcode : >

State 40 <SV = 39> <Delay = 0.00>
ST_40 : Operation 157 [54/89] (0.00ns)   --->   "%call_ln479 = call void @avgHeaderDiv, i64 %s_avgAPreHeader, i1 %last, i64 %s_avgBPreHeader, i32 %s_avgAHeader, i32 %s_avgBHeader" [../mpd_data_processor.cpp:479]   --->   Operation 157 'call' 'call_ln479' <Predicate = true> <Delay = 0.00> <CoreType = "Generic">   --->   Core 0 '' <Latency = 0> <II = 1> <Delay = 1.00> <Generic> <Opcode : >

State 41 <SV = 40> <Delay = 0.00>
ST_41 : Operation 158 [53/89] (0.00ns)   --->   "%call_ln479 = call void @avgHeaderDiv, i64 %s_avgAPreHeader, i1 %last, i64 %s_avgBPreHeader, i32 %s_avgAHeader, i32 %s_avgBHeader" [../mpd_data_processor.cpp:479]   --->   Operation 158 'call' 'call_ln479' <Predicate = true> <Delay = 0.00> <CoreType = "Generic">   --->   Core 0 '' <Latency = 0> <II = 1> <Delay = 1.00> <Generic> <Opcode : >

State 42 <SV = 41> <Delay = 0.00>
ST_42 : Operation 159 [52/89] (0.00ns)   --->   "%call_ln479 = call void @avgHeaderDiv, i64 %s_avgAPreHeader, i1 %last, i64 %s_avgBPreHeader, i32 %s_avgAHeader, i32 %s_avgBHeader" [../mpd_data_processor.cpp:479]   --->   Operation 159 'call' 'call_ln479' <Predicate = true> <Delay = 0.00> <CoreType = "Generic">   --->   Core 0 '' <Latency = 0> <II = 1> <Delay = 1.00> <Generic> <Opcode : >

State 43 <SV = 42> <Delay = 0.00>
ST_43 : Operation 160 [51/89] (0.00ns)   --->   "%call_ln479 = call void @avgHeaderDiv, i64 %s_avgAPreHeader, i1 %last, i64 %s_avgBPreHeader, i32 %s_avgAHeader, i32 %s_avgBHeader" [../mpd_data_processor.cpp:479]   --->   Operation 160 'call' 'call_ln479' <Predicate = true> <Delay = 0.00> <CoreType = "Generic">   --->   Core 0 '' <Latency = 0> <II = 1> <Delay = 1.00> <Generic> <Opcode : >

State 44 <SV = 43> <Delay = 0.00>
ST_44 : Operation 161 [50/89] (0.00ns)   --->   "%call_ln479 = call void @avgHeaderDiv, i64 %s_avgAPreHeader, i1 %last, i64 %s_avgBPreHeader, i32 %s_avgAHeader, i32 %s_avgBHeader" [../mpd_data_processor.cpp:479]   --->   Operation 161 'call' 'call_ln479' <Predicate = true> <Delay = 0.00> <CoreType = "Generic">   --->   Core 0 '' <Latency = 0> <II = 1> <Delay = 1.00> <Generic> <Opcode : >

State 45 <SV = 44> <Delay = 0.00>
ST_45 : Operation 162 [49/89] (0.00ns)   --->   "%call_ln479 = call void @avgHeaderDiv, i64 %s_avgAPreHeader, i1 %last, i64 %s_avgBPreHeader, i32 %s_avgAHeader, i32 %s_avgBHeader" [../mpd_data_processor.cpp:479]   --->   Operation 162 'call' 'call_ln479' <Predicate = true> <Delay = 0.00> <CoreType = "Generic">   --->   Core 0 '' <Latency = 0> <II = 1> <Delay = 1.00> <Generic> <Opcode : >

State 46 <SV = 45> <Delay = 0.00>
ST_46 : Operation 163 [48/89] (0.00ns)   --->   "%call_ln479 = call void @avgHeaderDiv, i64 %s_avgAPreHeader, i1 %last, i64 %s_avgBPreHeader, i32 %s_avgAHeader, i32 %s_avgBHeader" [../mpd_data_processor.cpp:479]   --->   Operation 163 'call' 'call_ln479' <Predicate = true> <Delay = 0.00> <CoreType = "Generic">   --->   Core 0 '' <Latency = 0> <II = 1> <Delay = 1.00> <Generic> <Opcode : >

State 47 <SV = 46> <Delay = 0.00>
ST_47 : Operation 164 [47/89] (0.00ns)   --->   "%call_ln479 = call void @avgHeaderDiv, i64 %s_avgAPreHeader, i1 %last, i64 %s_avgBPreHeader, i32 %s_avgAHeader, i32 %s_avgBHeader" [../mpd_data_processor.cpp:479]   --->   Operation 164 'call' 'call_ln479' <Predicate = true> <Delay = 0.00> <CoreType = "Generic">   --->   Core 0 '' <Latency = 0> <II = 1> <Delay = 1.00> <Generic> <Opcode : >

State 48 <SV = 47> <Delay = 0.00>
ST_48 : Operation 165 [46/89] (0.00ns)   --->   "%call_ln479 = call void @avgHeaderDiv, i64 %s_avgAPreHeader, i1 %last, i64 %s_avgBPreHeader, i32 %s_avgAHeader, i32 %s_avgBHeader" [../mpd_data_processor.cpp:479]   --->   Operation 165 'call' 'call_ln479' <Predicate = true> <Delay = 0.00> <CoreType = "Generic">   --->   Core 0 '' <Latency = 0> <II = 1> <Delay = 1.00> <Generic> <Opcode : >

State 49 <SV = 48> <Delay = 0.00>
ST_49 : Operation 166 [45/89] (0.00ns)   --->   "%call_ln479 = call void @avgHeaderDiv, i64 %s_avgAPreHeader, i1 %last, i64 %s_avgBPreHeader, i32 %s_avgAHeader, i32 %s_avgBHeader" [../mpd_data_processor.cpp:479]   --->   Operation 166 'call' 'call_ln479' <Predicate = true> <Delay = 0.00> <CoreType = "Generic">   --->   Core 0 '' <Latency = 0> <II = 1> <Delay = 1.00> <Generic> <Opcode : >

State 50 <SV = 49> <Delay = 0.00>
ST_50 : Operation 167 [44/89] (0.00ns)   --->   "%call_ln479 = call void @avgHeaderDiv, i64 %s_avgAPreHeader, i1 %last, i64 %s_avgBPreHeader, i32 %s_avgAHeader, i32 %s_avgBHeader" [../mpd_data_processor.cpp:479]   --->   Operation 167 'call' 'call_ln479' <Predicate = true> <Delay = 0.00> <CoreType = "Generic">   --->   Core 0 '' <Latency = 0> <II = 1> <Delay = 1.00> <Generic> <Opcode : >

State 51 <SV = 50> <Delay = 0.00>
ST_51 : Operation 168 [43/89] (0.00ns)   --->   "%call_ln479 = call void @avgHeaderDiv, i64 %s_avgAPreHeader, i1 %last, i64 %s_avgBPreHeader, i32 %s_avgAHeader, i32 %s_avgBHeader" [../mpd_data_processor.cpp:479]   --->   Operation 168 'call' 'call_ln479' <Predicate = true> <Delay = 0.00> <CoreType = "Generic">   --->   Core 0 '' <Latency = 0> <II = 1> <Delay = 1.00> <Generic> <Opcode : >

State 52 <SV = 51> <Delay = 0.00>
ST_52 : Operation 169 [42/89] (0.00ns)   --->   "%call_ln479 = call void @avgHeaderDiv, i64 %s_avgAPreHeader, i1 %last, i64 %s_avgBPreHeader, i32 %s_avgAHeader, i32 %s_avgBHeader" [../mpd_data_processor.cpp:479]   --->   Operation 169 'call' 'call_ln479' <Predicate = true> <Delay = 0.00> <CoreType = "Generic">   --->   Core 0 '' <Latency = 0> <II = 1> <Delay = 1.00> <Generic> <Opcode : >

State 53 <SV = 52> <Delay = 0.00>
ST_53 : Operation 170 [41/89] (0.00ns)   --->   "%call_ln479 = call void @avgHeaderDiv, i64 %s_avgAPreHeader, i1 %last, i64 %s_avgBPreHeader, i32 %s_avgAHeader, i32 %s_avgBHeader" [../mpd_data_processor.cpp:479]   --->   Operation 170 'call' 'call_ln479' <Predicate = true> <Delay = 0.00> <CoreType = "Generic">   --->   Core 0 '' <Latency = 0> <II = 1> <Delay = 1.00> <Generic> <Opcode : >

State 54 <SV = 53> <Delay = 0.00>
ST_54 : Operation 171 [40/89] (0.00ns)   --->   "%call_ln479 = call void @avgHeaderDiv, i64 %s_avgAPreHeader, i1 %last, i64 %s_avgBPreHeader, i32 %s_avgAHeader, i32 %s_avgBHeader" [../mpd_data_processor.cpp:479]   --->   Operation 171 'call' 'call_ln479' <Predicate = true> <Delay = 0.00> <CoreType = "Generic">   --->   Core 0 '' <Latency = 0> <II = 1> <Delay = 1.00> <Generic> <Opcode : >

State 55 <SV = 54> <Delay = 0.00>
ST_55 : Operation 172 [39/89] (0.00ns)   --->   "%call_ln479 = call void @avgHeaderDiv, i64 %s_avgAPreHeader, i1 %last, i64 %s_avgBPreHeader, i32 %s_avgAHeader, i32 %s_avgBHeader" [../mpd_data_processor.cpp:479]   --->   Operation 172 'call' 'call_ln479' <Predicate = true> <Delay = 0.00> <CoreType = "Generic">   --->   Core 0 '' <Latency = 0> <II = 1> <Delay = 1.00> <Generic> <Opcode : >

State 56 <SV = 55> <Delay = 0.00>
ST_56 : Operation 173 [38/89] (0.00ns)   --->   "%call_ln479 = call void @avgHeaderDiv, i64 %s_avgAPreHeader, i1 %last, i64 %s_avgBPreHeader, i32 %s_avgAHeader, i32 %s_avgBHeader" [../mpd_data_processor.cpp:479]   --->   Operation 173 'call' 'call_ln479' <Predicate = true> <Delay = 0.00> <CoreType = "Generic">   --->   Core 0 '' <Latency = 0> <II = 1> <Delay = 1.00> <Generic> <Opcode : >

State 57 <SV = 56> <Delay = 0.00>
ST_57 : Operation 174 [37/89] (0.00ns)   --->   "%call_ln479 = call void @avgHeaderDiv, i64 %s_avgAPreHeader, i1 %last, i64 %s_avgBPreHeader, i32 %s_avgAHeader, i32 %s_avgBHeader" [../mpd_data_processor.cpp:479]   --->   Operation 174 'call' 'call_ln479' <Predicate = true> <Delay = 0.00> <CoreType = "Generic">   --->   Core 0 '' <Latency = 0> <II = 1> <Delay = 1.00> <Generic> <Opcode : >

State 58 <SV = 57> <Delay = 0.00>
ST_58 : Operation 175 [36/89] (0.00ns)   --->   "%call_ln479 = call void @avgHeaderDiv, i64 %s_avgAPreHeader, i1 %last, i64 %s_avgBPreHeader, i32 %s_avgAHeader, i32 %s_avgBHeader" [../mpd_data_processor.cpp:479]   --->   Operation 175 'call' 'call_ln479' <Predicate = true> <Delay = 0.00> <CoreType = "Generic">   --->   Core 0 '' <Latency = 0> <II = 1> <Delay = 1.00> <Generic> <Opcode : >

State 59 <SV = 58> <Delay = 0.00>
ST_59 : Operation 176 [35/89] (0.00ns)   --->   "%call_ln479 = call void @avgHeaderDiv, i64 %s_avgAPreHeader, i1 %last, i64 %s_avgBPreHeader, i32 %s_avgAHeader, i32 %s_avgBHeader" [../mpd_data_processor.cpp:479]   --->   Operation 176 'call' 'call_ln479' <Predicate = true> <Delay = 0.00> <CoreType = "Generic">   --->   Core 0 '' <Latency = 0> <II = 1> <Delay = 1.00> <Generic> <Opcode : >

State 60 <SV = 59> <Delay = 0.00>
ST_60 : Operation 177 [34/89] (0.00ns)   --->   "%call_ln479 = call void @avgHeaderDiv, i64 %s_avgAPreHeader, i1 %last, i64 %s_avgBPreHeader, i32 %s_avgAHeader, i32 %s_avgBHeader" [../mpd_data_processor.cpp:479]   --->   Operation 177 'call' 'call_ln479' <Predicate = true> <Delay = 0.00> <CoreType = "Generic">   --->   Core 0 '' <Latency = 0> <II = 1> <Delay = 1.00> <Generic> <Opcode : >

State 61 <SV = 60> <Delay = 0.00>
ST_61 : Operation 178 [33/89] (0.00ns)   --->   "%call_ln479 = call void @avgHeaderDiv, i64 %s_avgAPreHeader, i1 %last, i64 %s_avgBPreHeader, i32 %s_avgAHeader, i32 %s_avgBHeader" [../mpd_data_processor.cpp:479]   --->   Operation 178 'call' 'call_ln479' <Predicate = true> <Delay = 0.00> <CoreType = "Generic">   --->   Core 0 '' <Latency = 0> <II = 1> <Delay = 1.00> <Generic> <Opcode : >

State 62 <SV = 61> <Delay = 0.00>
ST_62 : Operation 179 [32/89] (0.00ns)   --->   "%call_ln479 = call void @avgHeaderDiv, i64 %s_avgAPreHeader, i1 %last, i64 %s_avgBPreHeader, i32 %s_avgAHeader, i32 %s_avgBHeader" [../mpd_data_processor.cpp:479]   --->   Operation 179 'call' 'call_ln479' <Predicate = true> <Delay = 0.00> <CoreType = "Generic">   --->   Core 0 '' <Latency = 0> <II = 1> <Delay = 1.00> <Generic> <Opcode : >

State 63 <SV = 62> <Delay = 0.00>
ST_63 : Operation 180 [31/89] (0.00ns)   --->   "%call_ln479 = call void @avgHeaderDiv, i64 %s_avgAPreHeader, i1 %last, i64 %s_avgBPreHeader, i32 %s_avgAHeader, i32 %s_avgBHeader" [../mpd_data_processor.cpp:479]   --->   Operation 180 'call' 'call_ln479' <Predicate = true> <Delay = 0.00> <CoreType = "Generic">   --->   Core 0 '' <Latency = 0> <II = 1> <Delay = 1.00> <Generic> <Opcode : >

State 64 <SV = 63> <Delay = 0.00>
ST_64 : Operation 181 [30/89] (0.00ns)   --->   "%call_ln479 = call void @avgHeaderDiv, i64 %s_avgAPreHeader, i1 %last, i64 %s_avgBPreHeader, i32 %s_avgAHeader, i32 %s_avgBHeader" [../mpd_data_processor.cpp:479]   --->   Operation 181 'call' 'call_ln479' <Predicate = true> <Delay = 0.00> <CoreType = "Generic">   --->   Core 0 '' <Latency = 0> <II = 1> <Delay = 1.00> <Generic> <Opcode : >

State 65 <SV = 64> <Delay = 0.00>
ST_65 : Operation 182 [29/89] (0.00ns)   --->   "%call_ln479 = call void @avgHeaderDiv, i64 %s_avgAPreHeader, i1 %last, i64 %s_avgBPreHeader, i32 %s_avgAHeader, i32 %s_avgBHeader" [../mpd_data_processor.cpp:479]   --->   Operation 182 'call' 'call_ln479' <Predicate = true> <Delay = 0.00> <CoreType = "Generic">   --->   Core 0 '' <Latency = 0> <II = 1> <Delay = 1.00> <Generic> <Opcode : >

State 66 <SV = 65> <Delay = 0.00>
ST_66 : Operation 183 [28/89] (0.00ns)   --->   "%call_ln479 = call void @avgHeaderDiv, i64 %s_avgAPreHeader, i1 %last, i64 %s_avgBPreHeader, i32 %s_avgAHeader, i32 %s_avgBHeader" [../mpd_data_processor.cpp:479]   --->   Operation 183 'call' 'call_ln479' <Predicate = true> <Delay = 0.00> <CoreType = "Generic">   --->   Core 0 '' <Latency = 0> <II = 1> <Delay = 1.00> <Generic> <Opcode : >

State 67 <SV = 66> <Delay = 0.00>
ST_67 : Operation 184 [27/89] (0.00ns)   --->   "%call_ln479 = call void @avgHeaderDiv, i64 %s_avgAPreHeader, i1 %last, i64 %s_avgBPreHeader, i32 %s_avgAHeader, i32 %s_avgBHeader" [../mpd_data_processor.cpp:479]   --->   Operation 184 'call' 'call_ln479' <Predicate = true> <Delay = 0.00> <CoreType = "Generic">   --->   Core 0 '' <Latency = 0> <II = 1> <Delay = 1.00> <Generic> <Opcode : >

State 68 <SV = 67> <Delay = 0.00>
ST_68 : Operation 185 [26/89] (0.00ns)   --->   "%call_ln479 = call void @avgHeaderDiv, i64 %s_avgAPreHeader, i1 %last, i64 %s_avgBPreHeader, i32 %s_avgAHeader, i32 %s_avgBHeader" [../mpd_data_processor.cpp:479]   --->   Operation 185 'call' 'call_ln479' <Predicate = true> <Delay = 0.00> <CoreType = "Generic">   --->   Core 0 '' <Latency = 0> <II = 1> <Delay = 1.00> <Generic> <Opcode : >

State 69 <SV = 68> <Delay = 0.00>
ST_69 : Operation 186 [25/89] (0.00ns)   --->   "%call_ln479 = call void @avgHeaderDiv, i64 %s_avgAPreHeader, i1 %last, i64 %s_avgBPreHeader, i32 %s_avgAHeader, i32 %s_avgBHeader" [../mpd_data_processor.cpp:479]   --->   Operation 186 'call' 'call_ln479' <Predicate = true> <Delay = 0.00> <CoreType = "Generic">   --->   Core 0 '' <Latency = 0> <II = 1> <Delay = 1.00> <Generic> <Opcode : >

State 70 <SV = 69> <Delay = 0.00>
ST_70 : Operation 187 [24/89] (0.00ns)   --->   "%call_ln479 = call void @avgHeaderDiv, i64 %s_avgAPreHeader, i1 %last, i64 %s_avgBPreHeader, i32 %s_avgAHeader, i32 %s_avgBHeader" [../mpd_data_processor.cpp:479]   --->   Operation 187 'call' 'call_ln479' <Predicate = true> <Delay = 0.00> <CoreType = "Generic">   --->   Core 0 '' <Latency = 0> <II = 1> <Delay = 1.00> <Generic> <Opcode : >

State 71 <SV = 70> <Delay = 0.00>
ST_71 : Operation 188 [23/89] (0.00ns)   --->   "%call_ln479 = call void @avgHeaderDiv, i64 %s_avgAPreHeader, i1 %last, i64 %s_avgBPreHeader, i32 %s_avgAHeader, i32 %s_avgBHeader" [../mpd_data_processor.cpp:479]   --->   Operation 188 'call' 'call_ln479' <Predicate = true> <Delay = 0.00> <CoreType = "Generic">   --->   Core 0 '' <Latency = 0> <II = 1> <Delay = 1.00> <Generic> <Opcode : >

State 72 <SV = 71> <Delay = 0.00>
ST_72 : Operation 189 [22/89] (0.00ns)   --->   "%call_ln479 = call void @avgHeaderDiv, i64 %s_avgAPreHeader, i1 %last, i64 %s_avgBPreHeader, i32 %s_avgAHeader, i32 %s_avgBHeader" [../mpd_data_processor.cpp:479]   --->   Operation 189 'call' 'call_ln479' <Predicate = true> <Delay = 0.00> <CoreType = "Generic">   --->   Core 0 '' <Latency = 0> <II = 1> <Delay = 1.00> <Generic> <Opcode : >

State 73 <SV = 72> <Delay = 0.00>
ST_73 : Operation 190 [21/89] (0.00ns)   --->   "%call_ln479 = call void @avgHeaderDiv, i64 %s_avgAPreHeader, i1 %last, i64 %s_avgBPreHeader, i32 %s_avgAHeader, i32 %s_avgBHeader" [../mpd_data_processor.cpp:479]   --->   Operation 190 'call' 'call_ln479' <Predicate = true> <Delay = 0.00> <CoreType = "Generic">   --->   Core 0 '' <Latency = 0> <II = 1> <Delay = 1.00> <Generic> <Opcode : >

State 74 <SV = 73> <Delay = 0.00>
ST_74 : Operation 191 [20/89] (0.00ns)   --->   "%call_ln479 = call void @avgHeaderDiv, i64 %s_avgAPreHeader, i1 %last, i64 %s_avgBPreHeader, i32 %s_avgAHeader, i32 %s_avgBHeader" [../mpd_data_processor.cpp:479]   --->   Operation 191 'call' 'call_ln479' <Predicate = true> <Delay = 0.00> <CoreType = "Generic">   --->   Core 0 '' <Latency = 0> <II = 1> <Delay = 1.00> <Generic> <Opcode : >

State 75 <SV = 74> <Delay = 0.00>
ST_75 : Operation 192 [19/89] (0.00ns)   --->   "%call_ln479 = call void @avgHeaderDiv, i64 %s_avgAPreHeader, i1 %last, i64 %s_avgBPreHeader, i32 %s_avgAHeader, i32 %s_avgBHeader" [../mpd_data_processor.cpp:479]   --->   Operation 192 'call' 'call_ln479' <Predicate = true> <Delay = 0.00> <CoreType = "Generic">   --->   Core 0 '' <Latency = 0> <II = 1> <Delay = 1.00> <Generic> <Opcode : >

State 76 <SV = 75> <Delay = 0.00>
ST_76 : Operation 193 [18/89] (0.00ns)   --->   "%call_ln479 = call void @avgHeaderDiv, i64 %s_avgAPreHeader, i1 %last, i64 %s_avgBPreHeader, i32 %s_avgAHeader, i32 %s_avgBHeader" [../mpd_data_processor.cpp:479]   --->   Operation 193 'call' 'call_ln479' <Predicate = true> <Delay = 0.00> <CoreType = "Generic">   --->   Core 0 '' <Latency = 0> <II = 1> <Delay = 1.00> <Generic> <Opcode : >

State 77 <SV = 76> <Delay = 0.00>
ST_77 : Operation 194 [17/89] (0.00ns)   --->   "%call_ln479 = call void @avgHeaderDiv, i64 %s_avgAPreHeader, i1 %last, i64 %s_avgBPreHeader, i32 %s_avgAHeader, i32 %s_avgBHeader" [../mpd_data_processor.cpp:479]   --->   Operation 194 'call' 'call_ln479' <Predicate = true> <Delay = 0.00> <CoreType = "Generic">   --->   Core 0 '' <Latency = 0> <II = 1> <Delay = 1.00> <Generic> <Opcode : >

State 78 <SV = 77> <Delay = 0.00>
ST_78 : Operation 195 [16/89] (0.00ns)   --->   "%call_ln479 = call void @avgHeaderDiv, i64 %s_avgAPreHeader, i1 %last, i64 %s_avgBPreHeader, i32 %s_avgAHeader, i32 %s_avgBHeader" [../mpd_data_processor.cpp:479]   --->   Operation 195 'call' 'call_ln479' <Predicate = true> <Delay = 0.00> <CoreType = "Generic">   --->   Core 0 '' <Latency = 0> <II = 1> <Delay = 1.00> <Generic> <Opcode : >

State 79 <SV = 78> <Delay = 0.00>
ST_79 : Operation 196 [15/89] (0.00ns)   --->   "%call_ln479 = call void @avgHeaderDiv, i64 %s_avgAPreHeader, i1 %last, i64 %s_avgBPreHeader, i32 %s_avgAHeader, i32 %s_avgBHeader" [../mpd_data_processor.cpp:479]   --->   Operation 196 'call' 'call_ln479' <Predicate = true> <Delay = 0.00> <CoreType = "Generic">   --->   Core 0 '' <Latency = 0> <II = 1> <Delay = 1.00> <Generic> <Opcode : >

State 80 <SV = 79> <Delay = 0.00>
ST_80 : Operation 197 [14/89] (0.00ns)   --->   "%call_ln479 = call void @avgHeaderDiv, i64 %s_avgAPreHeader, i1 %last, i64 %s_avgBPreHeader, i32 %s_avgAHeader, i32 %s_avgBHeader" [../mpd_data_processor.cpp:479]   --->   Operation 197 'call' 'call_ln479' <Predicate = true> <Delay = 0.00> <CoreType = "Generic">   --->   Core 0 '' <Latency = 0> <II = 1> <Delay = 1.00> <Generic> <Opcode : >

State 81 <SV = 80> <Delay = 0.00>
ST_81 : Operation 198 [13/89] (0.00ns)   --->   "%call_ln479 = call void @avgHeaderDiv, i64 %s_avgAPreHeader, i1 %last, i64 %s_avgBPreHeader, i32 %s_avgAHeader, i32 %s_avgBHeader" [../mpd_data_processor.cpp:479]   --->   Operation 198 'call' 'call_ln479' <Predicate = true> <Delay = 0.00> <CoreType = "Generic">   --->   Core 0 '' <Latency = 0> <II = 1> <Delay = 1.00> <Generic> <Opcode : >

State 82 <SV = 81> <Delay = 0.00>
ST_82 : Operation 199 [12/89] (0.00ns)   --->   "%call_ln479 = call void @avgHeaderDiv, i64 %s_avgAPreHeader, i1 %last, i64 %s_avgBPreHeader, i32 %s_avgAHeader, i32 %s_avgBHeader" [../mpd_data_processor.cpp:479]   --->   Operation 199 'call' 'call_ln479' <Predicate = true> <Delay = 0.00> <CoreType = "Generic">   --->   Core 0 '' <Latency = 0> <II = 1> <Delay = 1.00> <Generic> <Opcode : >

State 83 <SV = 82> <Delay = 0.00>
ST_83 : Operation 200 [11/89] (0.00ns)   --->   "%call_ln479 = call void @avgHeaderDiv, i64 %s_avgAPreHeader, i1 %last, i64 %s_avgBPreHeader, i32 %s_avgAHeader, i32 %s_avgBHeader" [../mpd_data_processor.cpp:479]   --->   Operation 200 'call' 'call_ln479' <Predicate = true> <Delay = 0.00> <CoreType = "Generic">   --->   Core 0 '' <Latency = 0> <II = 1> <Delay = 1.00> <Generic> <Opcode : >

State 84 <SV = 83> <Delay = 0.00>
ST_84 : Operation 201 [10/89] (0.00ns)   --->   "%call_ln479 = call void @avgHeaderDiv, i64 %s_avgAPreHeader, i1 %last, i64 %s_avgBPreHeader, i32 %s_avgAHeader, i32 %s_avgBHeader" [../mpd_data_processor.cpp:479]   --->   Operation 201 'call' 'call_ln479' <Predicate = true> <Delay = 0.00> <CoreType = "Generic">   --->   Core 0 '' <Latency = 0> <II = 1> <Delay = 1.00> <Generic> <Opcode : >

State 85 <SV = 84> <Delay = 0.00>
ST_85 : Operation 202 [9/89] (0.00ns)   --->   "%call_ln479 = call void @avgHeaderDiv, i64 %s_avgAPreHeader, i1 %last, i64 %s_avgBPreHeader, i32 %s_avgAHeader, i32 %s_avgBHeader" [../mpd_data_processor.cpp:479]   --->   Operation 202 'call' 'call_ln479' <Predicate = true> <Delay = 0.00> <CoreType = "Generic">   --->   Core 0 '' <Latency = 0> <II = 1> <Delay = 1.00> <Generic> <Opcode : >

State 86 <SV = 85> <Delay = 0.00>
ST_86 : Operation 203 [8/89] (0.00ns)   --->   "%call_ln479 = call void @avgHeaderDiv, i64 %s_avgAPreHeader, i1 %last, i64 %s_avgBPreHeader, i32 %s_avgAHeader, i32 %s_avgBHeader" [../mpd_data_processor.cpp:479]   --->   Operation 203 'call' 'call_ln479' <Predicate = true> <Delay = 0.00> <CoreType = "Generic">   --->   Core 0 '' <Latency = 0> <II = 1> <Delay = 1.00> <Generic> <Opcode : >

State 87 <SV = 86> <Delay = 0.00>
ST_87 : Operation 204 [7/89] (0.00ns)   --->   "%call_ln479 = call void @avgHeaderDiv, i64 %s_avgAPreHeader, i1 %last, i64 %s_avgBPreHeader, i32 %s_avgAHeader, i32 %s_avgBHeader" [../mpd_data_processor.cpp:479]   --->   Operation 204 'call' 'call_ln479' <Predicate = true> <Delay = 0.00> <CoreType = "Generic">   --->   Core 0 '' <Latency = 0> <II = 1> <Delay = 1.00> <Generic> <Opcode : >

State 88 <SV = 87> <Delay = 0.00>
ST_88 : Operation 205 [6/89] (0.00ns)   --->   "%call_ln479 = call void @avgHeaderDiv, i64 %s_avgAPreHeader, i1 %last, i64 %s_avgBPreHeader, i32 %s_avgAHeader, i32 %s_avgBHeader" [../mpd_data_processor.cpp:479]   --->   Operation 205 'call' 'call_ln479' <Predicate = true> <Delay = 0.00> <CoreType = "Generic">   --->   Core 0 '' <Latency = 0> <II = 1> <Delay = 1.00> <Generic> <Opcode : >

State 89 <SV = 88> <Delay = 0.00>
ST_89 : Operation 206 [5/89] (0.00ns)   --->   "%call_ln479 = call void @avgHeaderDiv, i64 %s_avgAPreHeader, i1 %last, i64 %s_avgBPreHeader, i32 %s_avgAHeader, i32 %s_avgBHeader" [../mpd_data_processor.cpp:479]   --->   Operation 206 'call' 'call_ln479' <Predicate = true> <Delay = 0.00> <CoreType = "Generic">   --->   Core 0 '' <Latency = 0> <II = 1> <Delay = 1.00> <Generic> <Opcode : >

State 90 <SV = 89> <Delay = 0.00>
ST_90 : Operation 207 [4/89] (0.00ns)   --->   "%call_ln479 = call void @avgHeaderDiv, i64 %s_avgAPreHeader, i1 %last, i64 %s_avgBPreHeader, i32 %s_avgAHeader, i32 %s_avgBHeader" [../mpd_data_processor.cpp:479]   --->   Operation 207 'call' 'call_ln479' <Predicate = true> <Delay = 0.00> <CoreType = "Generic">   --->   Core 0 '' <Latency = 0> <II = 1> <Delay = 1.00> <Generic> <Opcode : >

State 91 <SV = 90> <Delay = 0.00>
ST_91 : Operation 208 [3/89] (0.00ns)   --->   "%call_ln479 = call void @avgHeaderDiv, i64 %s_avgAPreHeader, i1 %last, i64 %s_avgBPreHeader, i32 %s_avgAHeader, i32 %s_avgBHeader" [../mpd_data_processor.cpp:479]   --->   Operation 208 'call' 'call_ln479' <Predicate = true> <Delay = 0.00> <CoreType = "Generic">   --->   Core 0 '' <Latency = 0> <II = 1> <Delay = 1.00> <Generic> <Opcode : >

State 92 <SV = 91> <Delay = 0.00>
ST_92 : Operation 209 [2/89] (0.00ns)   --->   "%call_ln479 = call void @avgHeaderDiv, i64 %s_avgAPreHeader, i1 %last, i64 %s_avgBPreHeader, i32 %s_avgAHeader, i32 %s_avgBHeader" [../mpd_data_processor.cpp:479]   --->   Operation 209 'call' 'call_ln479' <Predicate = true> <Delay = 0.00> <CoreType = "Generic">   --->   Core 0 '' <Latency = 0> <II = 1> <Delay = 1.00> <Generic> <Opcode : >

State 93 <SV = 92> <Delay = 0.00>
ST_93 : Operation 210 [1/89] (0.00ns)   --->   "%call_ln479 = call void @avgHeaderDiv, i64 %s_avgAPreHeader, i1 %last, i64 %s_avgBPreHeader, i32 %s_avgAHeader, i32 %s_avgBHeader" [../mpd_data_processor.cpp:479]   --->   Operation 210 'call' 'call_ln479' <Predicate = true> <Delay = 0.00> <CoreType = "Generic">   --->   Core 0 '' <Latency = 0> <II = 1> <Delay = 1.00> <Generic> <Opcode : >

State 94 <SV = 93> <Delay = 0.00>
ST_94 : Operation 211 [3/3] (0.00ns)   --->   "%call_ln481 = call void @avgB, i13 %m_apvThrB, i3 %ps_2, i20 %avg_pre_header_sum_1, i8 %avg_pre_header_cnt_1, i32 %s_avgAHeader, i4 %apv_id_2, i64 %s_avgBPreHeader, i1 %avg_pre_header_tag_1, i8 %n, i13 %avg, i13 %s_avgASamples, i13 %s_avgBSamplesOut" [../mpd_data_processor.cpp:481]   --->   Operation 211 'call' 'call_ln481' <Predicate = true> <Delay = 0.00> <CoreType = "Generic">   --->   Core 0 '' <Latency = 0> <II = 1> <Delay = 1.00> <Generic> <Opcode : >

State 95 <SV = 94> <Delay = 0.00>
ST_95 : Operation 212 [2/3] (0.00ns)   --->   "%call_ln481 = call void @avgB, i13 %m_apvThrB, i3 %ps_2, i20 %avg_pre_header_sum_1, i8 %avg_pre_header_cnt_1, i32 %s_avgAHeader, i4 %apv_id_2, i64 %s_avgBPreHeader, i1 %avg_pre_header_tag_1, i8 %n, i13 %avg, i13 %s_avgASamples, i13 %s_avgBSamplesOut" [../mpd_data_processor.cpp:481]   --->   Operation 212 'call' 'call_ln481' <Predicate = true> <Delay = 0.00> <CoreType = "Generic">   --->   Core 0 '' <Latency = 0> <II = 1> <Delay = 1.00> <Generic> <Opcode : >

State 96 <SV = 95> <Delay = 0.00>
ST_96 : Operation 213 [1/3] (0.00ns)   --->   "%call_ln481 = call void @avgB, i13 %m_apvThrB, i3 %ps_2, i20 %avg_pre_header_sum_1, i8 %avg_pre_header_cnt_1, i32 %s_avgAHeader, i4 %apv_id_2, i64 %s_avgBPreHeader, i1 %avg_pre_header_tag_1, i8 %n, i13 %avg, i13 %s_avgASamples, i13 %s_avgBSamplesOut" [../mpd_data_processor.cpp:481]   --->   Operation 213 'call' 'call_ln481' <Predicate = true> <Delay = 0.00> <CoreType = "Generic">   --->   Core 0 '' <Latency = 0> <II = 1> <Delay = 1.00> <Generic> <Opcode : >

State 97 <SV = 96> <Delay = 0.00>
ST_97 : Operation 214 [18/18] (0.00ns)   --->   "%call_ln483 = call void @avgBSamplesFifoProc, i13 %s_avgBSamplesOut, i4 %wr_idx, i13 %avgBSamplesFifoProc_stream_stream_sample_data_pair_t_0_s_avgBSamples_5, i13 %avgBSamplesFifoProc_stream_stream_sample_data_pair_t_0_s_avgBSamples_4, i13 %avgBSamplesFifoProc_stream_stream_sample_data_pair_t_0_s_avgBSamples_3, i13 %avgBSamplesFifoProc_stream_stream_sample_data_pair_t_0_s_avgBSamples_2, i13 %avgBSamplesFifoProc_stream_stream_sample_data_pair_t_0_s_avgBSamples_1, i13 %avgBSamplesFifoProc_stream_stream_sample_data_pair_t_0_s_avgBSamples, i32 %s_avgBSamplesIn, i8 %wr_pos" [../mpd_data_processor.cpp:483]   --->   Operation 214 'call' 'call_ln483' <Predicate = true> <Delay = 0.00> <CoreType = "Generic">   --->   Core 0 '' <Latency = 0> <II = 1> <Delay = 1.00> <Generic> <Opcode : >

State 98 <SV = 97> <Delay = 0.00>
ST_98 : Operation 215 [17/18] (0.00ns)   --->   "%call_ln483 = call void @avgBSamplesFifoProc, i13 %s_avgBSamplesOut, i4 %wr_idx, i13 %avgBSamplesFifoProc_stream_stream_sample_data_pair_t_0_s_avgBSamples_5, i13 %avgBSamplesFifoProc_stream_stream_sample_data_pair_t_0_s_avgBSamples_4, i13 %avgBSamplesFifoProc_stream_stream_sample_data_pair_t_0_s_avgBSamples_3, i13 %avgBSamplesFifoProc_stream_stream_sample_data_pair_t_0_s_avgBSamples_2, i13 %avgBSamplesFifoProc_stream_stream_sample_data_pair_t_0_s_avgBSamples_1, i13 %avgBSamplesFifoProc_stream_stream_sample_data_pair_t_0_s_avgBSamples, i32 %s_avgBSamplesIn, i8 %wr_pos" [../mpd_data_processor.cpp:483]   --->   Operation 215 'call' 'call_ln483' <Predicate = true> <Delay = 0.00> <CoreType = "Generic">   --->   Core 0 '' <Latency = 0> <II = 1> <Delay = 1.00> <Generic> <Opcode : >

State 99 <SV = 98> <Delay = 0.00>
ST_99 : Operation 216 [16/18] (0.00ns)   --->   "%call_ln483 = call void @avgBSamplesFifoProc, i13 %s_avgBSamplesOut, i4 %wr_idx, i13 %avgBSamplesFifoProc_stream_stream_sample_data_pair_t_0_s_avgBSamples_5, i13 %avgBSamplesFifoProc_stream_stream_sample_data_pair_t_0_s_avgBSamples_4, i13 %avgBSamplesFifoProc_stream_stream_sample_data_pair_t_0_s_avgBSamples_3, i13 %avgBSamplesFifoProc_stream_stream_sample_data_pair_t_0_s_avgBSamples_2, i13 %avgBSamplesFifoProc_stream_stream_sample_data_pair_t_0_s_avgBSamples_1, i13 %avgBSamplesFifoProc_stream_stream_sample_data_pair_t_0_s_avgBSamples, i32 %s_avgBSamplesIn, i8 %wr_pos" [../mpd_data_processor.cpp:483]   --->   Operation 216 'call' 'call_ln483' <Predicate = true> <Delay = 0.00> <CoreType = "Generic">   --->   Core 0 '' <Latency = 0> <II = 1> <Delay = 1.00> <Generic> <Opcode : >

State 100 <SV = 99> <Delay = 0.00>
ST_100 : Operation 217 [15/18] (0.00ns)   --->   "%call_ln483 = call void @avgBSamplesFifoProc, i13 %s_avgBSamplesOut, i4 %wr_idx, i13 %avgBSamplesFifoProc_stream_stream_sample_data_pair_t_0_s_avgBSamples_5, i13 %avgBSamplesFifoProc_stream_stream_sample_data_pair_t_0_s_avgBSamples_4, i13 %avgBSamplesFifoProc_stream_stream_sample_data_pair_t_0_s_avgBSamples_3, i13 %avgBSamplesFifoProc_stream_stream_sample_data_pair_t_0_s_avgBSamples_2, i13 %avgBSamplesFifoProc_stream_stream_sample_data_pair_t_0_s_avgBSamples_1, i13 %avgBSamplesFifoProc_stream_stream_sample_data_pair_t_0_s_avgBSamples, i32 %s_avgBSamplesIn, i8 %wr_pos" [../mpd_data_processor.cpp:483]   --->   Operation 217 'call' 'call_ln483' <Predicate = true> <Delay = 0.00> <CoreType = "Generic">   --->   Core 0 '' <Latency = 0> <II = 1> <Delay = 1.00> <Generic> <Opcode : >

State 101 <SV = 100> <Delay = 0.00>
ST_101 : Operation 218 [14/18] (0.00ns)   --->   "%call_ln483 = call void @avgBSamplesFifoProc, i13 %s_avgBSamplesOut, i4 %wr_idx, i13 %avgBSamplesFifoProc_stream_stream_sample_data_pair_t_0_s_avgBSamples_5, i13 %avgBSamplesFifoProc_stream_stream_sample_data_pair_t_0_s_avgBSamples_4, i13 %avgBSamplesFifoProc_stream_stream_sample_data_pair_t_0_s_avgBSamples_3, i13 %avgBSamplesFifoProc_stream_stream_sample_data_pair_t_0_s_avgBSamples_2, i13 %avgBSamplesFifoProc_stream_stream_sample_data_pair_t_0_s_avgBSamples_1, i13 %avgBSamplesFifoProc_stream_stream_sample_data_pair_t_0_s_avgBSamples, i32 %s_avgBSamplesIn, i8 %wr_pos" [../mpd_data_processor.cpp:483]   --->   Operation 218 'call' 'call_ln483' <Predicate = true> <Delay = 0.00> <CoreType = "Generic">   --->   Core 0 '' <Latency = 0> <II = 1> <Delay = 1.00> <Generic> <Opcode : >

State 102 <SV = 101> <Delay = 0.00>
ST_102 : Operation 219 [13/18] (0.00ns)   --->   "%call_ln483 = call void @avgBSamplesFifoProc, i13 %s_avgBSamplesOut, i4 %wr_idx, i13 %avgBSamplesFifoProc_stream_stream_sample_data_pair_t_0_s_avgBSamples_5, i13 %avgBSamplesFifoProc_stream_stream_sample_data_pair_t_0_s_avgBSamples_4, i13 %avgBSamplesFifoProc_stream_stream_sample_data_pair_t_0_s_avgBSamples_3, i13 %avgBSamplesFifoProc_stream_stream_sample_data_pair_t_0_s_avgBSamples_2, i13 %avgBSamplesFifoProc_stream_stream_sample_data_pair_t_0_s_avgBSamples_1, i13 %avgBSamplesFifoProc_stream_stream_sample_data_pair_t_0_s_avgBSamples, i32 %s_avgBSamplesIn, i8 %wr_pos" [../mpd_data_processor.cpp:483]   --->   Operation 219 'call' 'call_ln483' <Predicate = true> <Delay = 0.00> <CoreType = "Generic">   --->   Core 0 '' <Latency = 0> <II = 1> <Delay = 1.00> <Generic> <Opcode : >

State 103 <SV = 102> <Delay = 0.00>
ST_103 : Operation 220 [12/18] (0.00ns)   --->   "%call_ln483 = call void @avgBSamplesFifoProc, i13 %s_avgBSamplesOut, i4 %wr_idx, i13 %avgBSamplesFifoProc_stream_stream_sample_data_pair_t_0_s_avgBSamples_5, i13 %avgBSamplesFifoProc_stream_stream_sample_data_pair_t_0_s_avgBSamples_4, i13 %avgBSamplesFifoProc_stream_stream_sample_data_pair_t_0_s_avgBSamples_3, i13 %avgBSamplesFifoProc_stream_stream_sample_data_pair_t_0_s_avgBSamples_2, i13 %avgBSamplesFifoProc_stream_stream_sample_data_pair_t_0_s_avgBSamples_1, i13 %avgBSamplesFifoProc_stream_stream_sample_data_pair_t_0_s_avgBSamples, i32 %s_avgBSamplesIn, i8 %wr_pos" [../mpd_data_processor.cpp:483]   --->   Operation 220 'call' 'call_ln483' <Predicate = true> <Delay = 0.00> <CoreType = "Generic">   --->   Core 0 '' <Latency = 0> <II = 1> <Delay = 1.00> <Generic> <Opcode : >

State 104 <SV = 103> <Delay = 0.00>
ST_104 : Operation 221 [11/18] (0.00ns)   --->   "%call_ln483 = call void @avgBSamplesFifoProc, i13 %s_avgBSamplesOut, i4 %wr_idx, i13 %avgBSamplesFifoProc_stream_stream_sample_data_pair_t_0_s_avgBSamples_5, i13 %avgBSamplesFifoProc_stream_stream_sample_data_pair_t_0_s_avgBSamples_4, i13 %avgBSamplesFifoProc_stream_stream_sample_data_pair_t_0_s_avgBSamples_3, i13 %avgBSamplesFifoProc_stream_stream_sample_data_pair_t_0_s_avgBSamples_2, i13 %avgBSamplesFifoProc_stream_stream_sample_data_pair_t_0_s_avgBSamples_1, i13 %avgBSamplesFifoProc_stream_stream_sample_data_pair_t_0_s_avgBSamples, i32 %s_avgBSamplesIn, i8 %wr_pos" [../mpd_data_processor.cpp:483]   --->   Operation 221 'call' 'call_ln483' <Predicate = true> <Delay = 0.00> <CoreType = "Generic">   --->   Core 0 '' <Latency = 0> <II = 1> <Delay = 1.00> <Generic> <Opcode : >

State 105 <SV = 104> <Delay = 0.00>
ST_105 : Operation 222 [10/18] (0.00ns)   --->   "%call_ln483 = call void @avgBSamplesFifoProc, i13 %s_avgBSamplesOut, i4 %wr_idx, i13 %avgBSamplesFifoProc_stream_stream_sample_data_pair_t_0_s_avgBSamples_5, i13 %avgBSamplesFifoProc_stream_stream_sample_data_pair_t_0_s_avgBSamples_4, i13 %avgBSamplesFifoProc_stream_stream_sample_data_pair_t_0_s_avgBSamples_3, i13 %avgBSamplesFifoProc_stream_stream_sample_data_pair_t_0_s_avgBSamples_2, i13 %avgBSamplesFifoProc_stream_stream_sample_data_pair_t_0_s_avgBSamples_1, i13 %avgBSamplesFifoProc_stream_stream_sample_data_pair_t_0_s_avgBSamples, i32 %s_avgBSamplesIn, i8 %wr_pos" [../mpd_data_processor.cpp:483]   --->   Operation 222 'call' 'call_ln483' <Predicate = true> <Delay = 0.00> <CoreType = "Generic">   --->   Core 0 '' <Latency = 0> <II = 1> <Delay = 1.00> <Generic> <Opcode : >

State 106 <SV = 105> <Delay = 0.00>
ST_106 : Operation 223 [9/18] (0.00ns)   --->   "%call_ln483 = call void @avgBSamplesFifoProc, i13 %s_avgBSamplesOut, i4 %wr_idx, i13 %avgBSamplesFifoProc_stream_stream_sample_data_pair_t_0_s_avgBSamples_5, i13 %avgBSamplesFifoProc_stream_stream_sample_data_pair_t_0_s_avgBSamples_4, i13 %avgBSamplesFifoProc_stream_stream_sample_data_pair_t_0_s_avgBSamples_3, i13 %avgBSamplesFifoProc_stream_stream_sample_data_pair_t_0_s_avgBSamples_2, i13 %avgBSamplesFifoProc_stream_stream_sample_data_pair_t_0_s_avgBSamples_1, i13 %avgBSamplesFifoProc_stream_stream_sample_data_pair_t_0_s_avgBSamples, i32 %s_avgBSamplesIn, i8 %wr_pos" [../mpd_data_processor.cpp:483]   --->   Operation 223 'call' 'call_ln483' <Predicate = true> <Delay = 0.00> <CoreType = "Generic">   --->   Core 0 '' <Latency = 0> <II = 1> <Delay = 1.00> <Generic> <Opcode : >

State 107 <SV = 106> <Delay = 0.00>
ST_107 : Operation 224 [8/18] (0.00ns)   --->   "%call_ln483 = call void @avgBSamplesFifoProc, i13 %s_avgBSamplesOut, i4 %wr_idx, i13 %avgBSamplesFifoProc_stream_stream_sample_data_pair_t_0_s_avgBSamples_5, i13 %avgBSamplesFifoProc_stream_stream_sample_data_pair_t_0_s_avgBSamples_4, i13 %avgBSamplesFifoProc_stream_stream_sample_data_pair_t_0_s_avgBSamples_3, i13 %avgBSamplesFifoProc_stream_stream_sample_data_pair_t_0_s_avgBSamples_2, i13 %avgBSamplesFifoProc_stream_stream_sample_data_pair_t_0_s_avgBSamples_1, i13 %avgBSamplesFifoProc_stream_stream_sample_data_pair_t_0_s_avgBSamples, i32 %s_avgBSamplesIn, i8 %wr_pos" [../mpd_data_processor.cpp:483]   --->   Operation 224 'call' 'call_ln483' <Predicate = true> <Delay = 0.00> <CoreType = "Generic">   --->   Core 0 '' <Latency = 0> <II = 1> <Delay = 1.00> <Generic> <Opcode : >

State 108 <SV = 107> <Delay = 0.00>
ST_108 : Operation 225 [7/18] (0.00ns)   --->   "%call_ln483 = call void @avgBSamplesFifoProc, i13 %s_avgBSamplesOut, i4 %wr_idx, i13 %avgBSamplesFifoProc_stream_stream_sample_data_pair_t_0_s_avgBSamples_5, i13 %avgBSamplesFifoProc_stream_stream_sample_data_pair_t_0_s_avgBSamples_4, i13 %avgBSamplesFifoProc_stream_stream_sample_data_pair_t_0_s_avgBSamples_3, i13 %avgBSamplesFifoProc_stream_stream_sample_data_pair_t_0_s_avgBSamples_2, i13 %avgBSamplesFifoProc_stream_stream_sample_data_pair_t_0_s_avgBSamples_1, i13 %avgBSamplesFifoProc_stream_stream_sample_data_pair_t_0_s_avgBSamples, i32 %s_avgBSamplesIn, i8 %wr_pos" [../mpd_data_processor.cpp:483]   --->   Operation 225 'call' 'call_ln483' <Predicate = true> <Delay = 0.00> <CoreType = "Generic">   --->   Core 0 '' <Latency = 0> <II = 1> <Delay = 1.00> <Generic> <Opcode : >

State 109 <SV = 108> <Delay = 0.00>
ST_109 : Operation 226 [6/18] (0.00ns)   --->   "%call_ln483 = call void @avgBSamplesFifoProc, i13 %s_avgBSamplesOut, i4 %wr_idx, i13 %avgBSamplesFifoProc_stream_stream_sample_data_pair_t_0_s_avgBSamples_5, i13 %avgBSamplesFifoProc_stream_stream_sample_data_pair_t_0_s_avgBSamples_4, i13 %avgBSamplesFifoProc_stream_stream_sample_data_pair_t_0_s_avgBSamples_3, i13 %avgBSamplesFifoProc_stream_stream_sample_data_pair_t_0_s_avgBSamples_2, i13 %avgBSamplesFifoProc_stream_stream_sample_data_pair_t_0_s_avgBSamples_1, i13 %avgBSamplesFifoProc_stream_stream_sample_data_pair_t_0_s_avgBSamples, i32 %s_avgBSamplesIn, i8 %wr_pos" [../mpd_data_processor.cpp:483]   --->   Operation 226 'call' 'call_ln483' <Predicate = true> <Delay = 0.00> <CoreType = "Generic">   --->   Core 0 '' <Latency = 0> <II = 1> <Delay = 1.00> <Generic> <Opcode : >

State 110 <SV = 109> <Delay = 0.00>
ST_110 : Operation 227 [5/18] (0.00ns)   --->   "%call_ln483 = call void @avgBSamplesFifoProc, i13 %s_avgBSamplesOut, i4 %wr_idx, i13 %avgBSamplesFifoProc_stream_stream_sample_data_pair_t_0_s_avgBSamples_5, i13 %avgBSamplesFifoProc_stream_stream_sample_data_pair_t_0_s_avgBSamples_4, i13 %avgBSamplesFifoProc_stream_stream_sample_data_pair_t_0_s_avgBSamples_3, i13 %avgBSamplesFifoProc_stream_stream_sample_data_pair_t_0_s_avgBSamples_2, i13 %avgBSamplesFifoProc_stream_stream_sample_data_pair_t_0_s_avgBSamples_1, i13 %avgBSamplesFifoProc_stream_stream_sample_data_pair_t_0_s_avgBSamples, i32 %s_avgBSamplesIn, i8 %wr_pos" [../mpd_data_processor.cpp:483]   --->   Operation 227 'call' 'call_ln483' <Predicate = true> <Delay = 0.00> <CoreType = "Generic">   --->   Core 0 '' <Latency = 0> <II = 1> <Delay = 1.00> <Generic> <Opcode : >

State 111 <SV = 110> <Delay = 0.00>
ST_111 : Operation 228 [4/18] (0.00ns)   --->   "%call_ln483 = call void @avgBSamplesFifoProc, i13 %s_avgBSamplesOut, i4 %wr_idx, i13 %avgBSamplesFifoProc_stream_stream_sample_data_pair_t_0_s_avgBSamples_5, i13 %avgBSamplesFifoProc_stream_stream_sample_data_pair_t_0_s_avgBSamples_4, i13 %avgBSamplesFifoProc_stream_stream_sample_data_pair_t_0_s_avgBSamples_3, i13 %avgBSamplesFifoProc_stream_stream_sample_data_pair_t_0_s_avgBSamples_2, i13 %avgBSamplesFifoProc_stream_stream_sample_data_pair_t_0_s_avgBSamples_1, i13 %avgBSamplesFifoProc_stream_stream_sample_data_pair_t_0_s_avgBSamples, i32 %s_avgBSamplesIn, i8 %wr_pos" [../mpd_data_processor.cpp:483]   --->   Operation 228 'call' 'call_ln483' <Predicate = true> <Delay = 0.00> <CoreType = "Generic">   --->   Core 0 '' <Latency = 0> <II = 1> <Delay = 1.00> <Generic> <Opcode : >

State 112 <SV = 111> <Delay = 0.00>
ST_112 : Operation 229 [3/18] (0.00ns)   --->   "%call_ln483 = call void @avgBSamplesFifoProc, i13 %s_avgBSamplesOut, i4 %wr_idx, i13 %avgBSamplesFifoProc_stream_stream_sample_data_pair_t_0_s_avgBSamples_5, i13 %avgBSamplesFifoProc_stream_stream_sample_data_pair_t_0_s_avgBSamples_4, i13 %avgBSamplesFifoProc_stream_stream_sample_data_pair_t_0_s_avgBSamples_3, i13 %avgBSamplesFifoProc_stream_stream_sample_data_pair_t_0_s_avgBSamples_2, i13 %avgBSamplesFifoProc_stream_stream_sample_data_pair_t_0_s_avgBSamples_1, i13 %avgBSamplesFifoProc_stream_stream_sample_data_pair_t_0_s_avgBSamples, i32 %s_avgBSamplesIn, i8 %wr_pos" [../mpd_data_processor.cpp:483]   --->   Operation 229 'call' 'call_ln483' <Predicate = true> <Delay = 0.00> <CoreType = "Generic">   --->   Core 0 '' <Latency = 0> <II = 1> <Delay = 1.00> <Generic> <Opcode : >

State 113 <SV = 112> <Delay = 0.00>
ST_113 : Operation 230 [2/18] (0.00ns)   --->   "%call_ln483 = call void @avgBSamplesFifoProc, i13 %s_avgBSamplesOut, i4 %wr_idx, i13 %avgBSamplesFifoProc_stream_stream_sample_data_pair_t_0_s_avgBSamples_5, i13 %avgBSamplesFifoProc_stream_stream_sample_data_pair_t_0_s_avgBSamples_4, i13 %avgBSamplesFifoProc_stream_stream_sample_data_pair_t_0_s_avgBSamples_3, i13 %avgBSamplesFifoProc_stream_stream_sample_data_pair_t_0_s_avgBSamples_2, i13 %avgBSamplesFifoProc_stream_stream_sample_data_pair_t_0_s_avgBSamples_1, i13 %avgBSamplesFifoProc_stream_stream_sample_data_pair_t_0_s_avgBSamples, i32 %s_avgBSamplesIn, i8 %wr_pos" [../mpd_data_processor.cpp:483]   --->   Operation 230 'call' 'call_ln483' <Predicate = true> <Delay = 0.00> <CoreType = "Generic">   --->   Core 0 '' <Latency = 0> <II = 1> <Delay = 1.00> <Generic> <Opcode : >

State 114 <SV = 113> <Delay = 0.00>
ST_114 : Operation 231 [1/18] (0.00ns)   --->   "%call_ln483 = call void @avgBSamplesFifoProc, i13 %s_avgBSamplesOut, i4 %wr_idx, i13 %avgBSamplesFifoProc_stream_stream_sample_data_pair_t_0_s_avgBSamples_5, i13 %avgBSamplesFifoProc_stream_stream_sample_data_pair_t_0_s_avgBSamples_4, i13 %avgBSamplesFifoProc_stream_stream_sample_data_pair_t_0_s_avgBSamples_3, i13 %avgBSamplesFifoProc_stream_stream_sample_data_pair_t_0_s_avgBSamples_2, i13 %avgBSamplesFifoProc_stream_stream_sample_data_pair_t_0_s_avgBSamples_1, i13 %avgBSamplesFifoProc_stream_stream_sample_data_pair_t_0_s_avgBSamples, i32 %s_avgBSamplesIn, i8 %wr_pos" [../mpd_data_processor.cpp:483]   --->   Operation 231 'call' 'call_ln483' <Predicate = true> <Delay = 0.00> <CoreType = "Generic">   --->   Core 0 '' <Latency = 0> <II = 1> <Delay = 1.00> <Generic> <Opcode : >

State 115 <SV = 114> <Delay = 7.56>
ST_115 : Operation 232 [1/1] (0.00ns)   --->   "%fiber_read = read i5 @_ssdm_op_Read.ap_stable.i5, i5 %fiber" [../mpd_data_processor.cpp:460]   --->   Operation 232 'read' 'fiber_read' <Predicate = true> <Delay = 0.00>
ST_115 : Operation 233 [1/1] (0.00ns)   --->   "%enable_cm_read = read i1 @_ssdm_op_Read.ap_stable.i1, i1 %enable_cm" [../mpd_data_processor.cpp:460]   --->   Operation 233 'read' 'enable_cm_read' <Predicate = true> <Delay = 0.00>
ST_115 : Operation 234 [1/1] (0.00ns)   --->   "%build_all_samples_read = read i1 @_ssdm_op_Read.ap_stable.i1, i1 %build_all_samples" [../mpd_data_processor.cpp:460]   --->   Operation 234 'read' 'build_all_samples_read' <Predicate = true> <Delay = 0.00>
ST_115 : Operation 235 [3/3] (7.56ns)   --->   "%call_ln485 = call void @event_writer, i33 %s_evOut, i1 %build_all_samples_read, i1 %enable_cm_read, i5 %fiber_read, i13 %m_apvThr, i3 %ps_1, i4 %apv_id_1, i7 %sample_n, i13 %event_writer_stream_stream_stream_ap_uint_ap_uint_ap_uint_ap_int_128_s_5, i13 %event_writer_stream_stream_stream_ap_uint_ap_uint_ap_uint_ap_int_128_s_4, i16 %sum, i13 %event_writer_stream_stream_stream_ap_uint_ap_uint_ap_uint_ap_int_128_s_3, i13 %event_writer_stream_stream_stream_ap_uint_ap_uint_ap_uint_ap_int_128_s_2, i32 %s_avgBHeader, i3 %cnt, i13 %avgB_1, i32 %s_avgBSamplesIn, i13 %event_writer_stream_stream_stream_ap_uint_ap_uint_ap_uint_ap_int_128_s_1, i13 %event_writer_stream_stream_stream_ap_uint_ap_uint_ap_uint_ap_int_128_s" [../mpd_data_processor.cpp:485]   --->   Operation 235 'call' 'call_ln485' <Predicate = true> <Delay = 7.56> <CoreType = "Generic">   --->   Core 0 '' <Latency = 0> <II = 1> <Delay = 1.00> <Generic> <Opcode : >

State 116 <SV = 115> <Delay = 0.00>
ST_116 : Operation 236 [2/3] (0.00ns)   --->   "%call_ln485 = call void @event_writer, i33 %s_evOut, i1 %build_all_samples_read, i1 %enable_cm_read, i5 %fiber_read, i13 %m_apvThr, i3 %ps_1, i4 %apv_id_1, i7 %sample_n, i13 %event_writer_stream_stream_stream_ap_uint_ap_uint_ap_uint_ap_int_128_s_5, i13 %event_writer_stream_stream_stream_ap_uint_ap_uint_ap_uint_ap_int_128_s_4, i16 %sum, i13 %event_writer_stream_stream_stream_ap_uint_ap_uint_ap_uint_ap_int_128_s_3, i13 %event_writer_stream_stream_stream_ap_uint_ap_uint_ap_uint_ap_int_128_s_2, i32 %s_avgBHeader, i3 %cnt, i13 %avgB_1, i32 %s_avgBSamplesIn, i13 %event_writer_stream_stream_stream_ap_uint_ap_uint_ap_uint_ap_int_128_s_1, i13 %event_writer_stream_stream_stream_ap_uint_ap_uint_ap_uint_ap_int_128_s" [../mpd_data_processor.cpp:485]   --->   Operation 236 'call' 'call_ln485' <Predicate = true> <Delay = 0.00> <CoreType = "Generic">   --->   Core 0 '' <Latency = 0> <II = 1> <Delay = 1.00> <Generic> <Opcode : >

State 117 <SV = 116> <Delay = 0.00>
ST_117 : Operation 237 [1/1] (0.00ns)   --->   "%specdataflowpipeline_ln7 = specdataflowpipeline void @_ssdm_op_SpecDataflowPipeline, i32 4294967295, i32 0, void @empty_2" [C:/Users/theen/OneDrive/Desktop/JLab24/Trigger/Evio/sbs-online-gem-evioprocessor/hls_project/mpd_data_processor/solution1/directives.tcl:7]   --->   Operation 237 'specdataflowpipeline' 'specdataflowpipeline_ln7' <Predicate = true> <Delay = 0.00>
ST_117 : Operation 238 [1/1] (0.00ns)   --->   "%empty = specchannel i32 @_ssdm_op_SpecChannel, void @s_avgAHeader_str, i32 1, void @p_str, void @p_str, i32 2, i32 2, i32 %s_avgAHeader, i32 %s_avgAHeader"   --->   Operation 238 'specchannel' 'empty' <Predicate = true> <Delay = 0.00>
ST_117 : Operation 239 [1/1] (0.00ns)   --->   "%empty_27 = specchannel i32 @_ssdm_op_SpecChannel, void @s_avgAPreHeader_str, i32 1, void @p_str, void @p_str, i32 2, i32 2, i64 %s_avgAPreHeader, i64 %s_avgAPreHeader"   --->   Operation 239 'specchannel' 'empty_27' <Predicate = true> <Delay = 0.00>
ST_117 : Operation 240 [1/1] (0.00ns)   --->   "%empty_28 = specchannel i32 @_ssdm_op_SpecChannel, void @s_avgASamples_str, i32 1, void @p_str, void @p_str, i32 3, i32 3, i13 %s_avgASamples, i13 %s_avgASamples"   --->   Operation 240 'specchannel' 'empty_28' <Predicate = true> <Delay = 0.00>
ST_117 : Operation 241 [1/1] (0.00ns)   --->   "%empty_29 = specchannel i32 @_ssdm_op_SpecChannel, void @s_avgBHeader_str, i32 1, void @p_str, void @p_str, i32 4, i32 4, i32 %s_avgBHeader, i32 %s_avgBHeader"   --->   Operation 241 'specchannel' 'empty_29' <Predicate = true> <Delay = 0.00>
ST_117 : Operation 242 [1/1] (0.00ns)   --->   "%empty_30 = specchannel i32 @_ssdm_op_SpecChannel, void @s_avgBPreHeader_str, i32 1, void @p_str, void @p_str, i32 2, i32 2, i64 %s_avgBPreHeader, i64 %s_avgBPreHeader"   --->   Operation 242 'specchannel' 'empty_30' <Predicate = true> <Delay = 0.00>
ST_117 : Operation 243 [1/1] (0.00ns)   --->   "%empty_31 = specchannel i32 @_ssdm_op_SpecChannel, void @s_avgBSamplesIn_str, i32 1, void @p_str, void @p_str, i32 2, i32 2, i32 %s_avgBSamplesIn, i32 %s_avgBSamplesIn"   --->   Operation 243 'specchannel' 'empty_31' <Predicate = true> <Delay = 0.00>
ST_117 : Operation 244 [1/1] (0.00ns)   --->   "%empty_32 = specchannel i32 @_ssdm_op_SpecChannel, void @s_avgBSamplesOut_str, i32 1, void @p_str, void @p_str, i32 2, i32 2, i13 %s_avgBSamplesOut, i13 %s_avgBSamplesOut"   --->   Operation 244 'specchannel' 'empty_32' <Predicate = true> <Delay = 0.00>
ST_117 : Operation 245 [1/1] (0.00ns)   --->   "%spectopmodule_ln457 = spectopmodule void @_ssdm_op_SpecTopModule, void @empty_0" [../mpd_data_processor.cpp:457]   --->   Operation 245 'spectopmodule' 'spectopmodule_ln457' <Predicate = true> <Delay = 0.00>
ST_117 : Operation 246 [1/1] (0.00ns)   --->   "%specinterface_ln457 = specinterface void @_ssdm_op_SpecInterface, i32 0, void @empty_1, i32 0, i32 0, void @empty_2, i32 0, i32 0, void @empty_2, void @empty_2, void @empty_2, i32 0, i32 0, i32 0, i32 0, void @empty_2, void @empty_2, i32 4294967295, i32 0" [../mpd_data_processor.cpp:457]   --->   Operation 246 'specinterface' 'specinterface_ln457' <Predicate = true> <Delay = 0.00>
ST_117 : Operation 247 [1/1] (0.00ns)   --->   "%specinterface_ln0 = specinterface void @_ssdm_op_SpecInterface, i33 %s_evIn, void @empty_3, i32 0, i32 0, void @empty_2, i32 0, i32 0, void @empty_2, void @empty_2, void @empty_2, i32 0, i32 0, i32 0, i32 0, void @empty_2, void @empty_2, i32 4294967295, i32 0"   --->   Operation 247 'specinterface' 'specinterface_ln0' <Predicate = true> <Delay = 0.00>
ST_117 : Operation 248 [1/1] (0.00ns)   --->   "%specbitsmap_ln0 = specbitsmap void @_ssdm_op_SpecBitsMap, i33 %s_evIn"   --->   Operation 248 'specbitsmap' 'specbitsmap_ln0' <Predicate = true> <Delay = 0.00>
ST_117 : Operation 249 [1/1] (0.00ns)   --->   "%specinterface_ln0 = specinterface void @_ssdm_op_SpecInterface, i33 %s_evOut, void @empty_3, i32 0, i32 0, void @empty_2, i32 0, i32 0, void @empty_2, void @empty_2, void @empty_2, i32 0, i32 0, i32 0, i32 0, void @empty_2, void @empty_2, i32 4294967295, i32 0"   --->   Operation 249 'specinterface' 'specinterface_ln0' <Predicate = true> <Delay = 0.00>
ST_117 : Operation 250 [1/1] (0.00ns)   --->   "%specbitsmap_ln0 = specbitsmap void @_ssdm_op_SpecBitsMap, i33 %s_evOut"   --->   Operation 250 'specbitsmap' 'specbitsmap_ln0' <Predicate = true> <Delay = 0.00>
ST_117 : Operation 251 [1/1] (0.00ns)   --->   "%specbitsmap_ln0 = specbitsmap void @_ssdm_op_SpecBitsMap, i1 %build_all_samples"   --->   Operation 251 'specbitsmap' 'specbitsmap_ln0' <Predicate = true> <Delay = 0.00>
ST_117 : Operation 252 [1/1] (0.00ns)   --->   "%specinterface_ln0 = specinterface void @_ssdm_op_SpecInterface, i1 %build_all_samples, void @empty_4, i32 0, i32 0, void @empty_2, i32 0, i32 0, void @empty_2, void @empty_2, void @empty_2, i32 0, i32 0, i32 0, i32 0, void @empty_2, void @empty_2, i32 4294967295, i32 0"   --->   Operation 252 'specinterface' 'specinterface_ln0' <Predicate = true> <Delay = 0.00>
ST_117 : Operation 253 [1/1] (0.00ns)   --->   "%specbitsmap_ln0 = specbitsmap void @_ssdm_op_SpecBitsMap, i1 %build_debug_headers"   --->   Operation 253 'specbitsmap' 'specbitsmap_ln0' <Predicate = true> <Delay = 0.00>
ST_117 : Operation 254 [1/1] (0.00ns)   --->   "%specinterface_ln0 = specinterface void @_ssdm_op_SpecInterface, i1 %build_debug_headers, void @empty_4, i32 0, i32 0, void @empty_2, i32 0, i32 0, void @empty_2, void @empty_2, void @empty_2, i32 0, i32 0, i32 0, i32 0, void @empty_2, void @empty_2, i32 4294967295, i32 0"   --->   Operation 254 'specinterface' 'specinterface_ln0' <Predicate = true> <Delay = 0.00>
ST_117 : Operation 255 [1/1] (0.00ns)   --->   "%specbitsmap_ln0 = specbitsmap void @_ssdm_op_SpecBitsMap, i1 %enable_cm"   --->   Operation 255 'specbitsmap' 'specbitsmap_ln0' <Predicate = true> <Delay = 0.00>
ST_117 : Operation 256 [1/1] (0.00ns)   --->   "%specinterface_ln0 = specinterface void @_ssdm_op_SpecInterface, i1 %enable_cm, void @empty_4, i32 0, i32 0, void @empty_2, i32 0, i32 0, void @empty_2, void @empty_2, void @empty_2, i32 0, i32 0, i32 0, i32 0, void @empty_2, void @empty_2, i32 4294967295, i32 0"   --->   Operation 256 'specinterface' 'specinterface_ln0' <Predicate = true> <Delay = 0.00>
ST_117 : Operation 257 [1/1] (0.00ns)   --->   "%specbitsmap_ln0 = specbitsmap void @_ssdm_op_SpecBitsMap, i5 %fiber"   --->   Operation 257 'specbitsmap' 'specbitsmap_ln0' <Predicate = true> <Delay = 0.00>
ST_117 : Operation 258 [1/1] (0.00ns)   --->   "%specinterface_ln0 = specinterface void @_ssdm_op_SpecInterface, i5 %fiber, void @empty_4, i32 0, i32 0, void @empty_2, i32 0, i32 0, void @empty_2, void @empty_2, void @empty_2, i32 0, i32 0, i32 0, i32 0, void @empty_2, void @empty_2, i32 4294967295, i32 0"   --->   Operation 258 'specinterface' 'specinterface_ln0' <Predicate = true> <Delay = 0.00>
ST_117 : Operation 259 [1/1] (0.00ns)   --->   "%specinterface_ln0 = specinterface void @_ssdm_op_SpecInterface, i26 %m_offset, void @empty, i32 0, i32 0, void @empty_2, i32 4294967295, i32 0, void @empty_2, void @empty_2, void @empty_2, i32 0, i32 0, i32 0, i32 0, void @empty_2, void @empty_2, i32 4294967295, i32 0"   --->   Operation 259 'specinterface' 'specinterface_ln0' <Predicate = true> <Delay = 0.00>
ST_117 : Operation 260 [1/1] (0.00ns)   --->   "%specbitsmap_ln0 = specbitsmap void @_ssdm_op_SpecBitsMap, i26 %m_offset"   --->   Operation 260 'specbitsmap' 'specbitsmap_ln0' <Predicate = true> <Delay = 0.00>
ST_117 : Operation 261 [1/1] (0.00ns)   --->   "%specinterface_ln0 = specinterface void @_ssdm_op_SpecInterface, i13 %m_apvThr, void @empty, i32 0, i32 0, void @empty_2, i32 4294967295, i32 0, void @empty_2, void @empty_2, void @empty_2, i32 0, i32 0, i32 0, i32 0, void @empty_2, void @empty_2, i32 4294967295, i32 0"   --->   Operation 261 'specinterface' 'specinterface_ln0' <Predicate = true> <Delay = 0.00>
ST_117 : Operation 262 [1/1] (0.00ns)   --->   "%specbitsmap_ln0 = specbitsmap void @_ssdm_op_SpecBitsMap, i13 %m_apvThr"   --->   Operation 262 'specbitsmap' 'specbitsmap_ln0' <Predicate = true> <Delay = 0.00>
ST_117 : Operation 263 [1/1] (0.00ns)   --->   "%specinterface_ln0 = specinterface void @_ssdm_op_SpecInterface, i13 %m_apvThrB, void @empty, i32 0, i32 0, void @empty_2, i32 4294967295, i32 0, void @empty_2, void @empty_2, void @empty_2, i32 0, i32 0, i32 0, i32 0, void @empty_2, void @empty_2, i32 4294967295, i32 0"   --->   Operation 263 'specinterface' 'specinterface_ln0' <Predicate = true> <Delay = 0.00>
ST_117 : Operation 264 [1/1] (0.00ns)   --->   "%specbitsmap_ln0 = specbitsmap void @_ssdm_op_SpecBitsMap, i13 %m_apvThrB"   --->   Operation 264 'specbitsmap' 'specbitsmap_ln0' <Predicate = true> <Delay = 0.00>
ST_117 : Operation 265 [1/1] (0.00ns)   --->   "%specinterface_ln0 = specinterface void @_ssdm_op_SpecInterface, i64 %s_avgAPreHeader, void @empty_3, i32 0, i32 0, void @empty_2, i32 0, i32 0, void @empty_2, void @empty_2, void @empty_2, i32 0, i32 0, i32 0, i32 0, void @empty_2, void @empty_2, i32 4294967295, i32 0"   --->   Operation 265 'specinterface' 'specinterface_ln0' <Predicate = true> <Delay = 0.00>
ST_117 : Operation 266 [1/1] (0.00ns)   --->   "%specinterface_ln0 = specinterface void @_ssdm_op_SpecInterface, i13 %s_avgASamples, void @empty_3, i32 0, i32 0, void @empty_2, i32 0, i32 0, void @empty_2, void @empty_2, void @empty_2, i32 0, i32 0, i32 0, i32 0, void @empty_2, void @empty_2, i32 4294967295, i32 0"   --->   Operation 266 'specinterface' 'specinterface_ln0' <Predicate = true> <Delay = 0.00>
ST_117 : Operation 267 [1/1] (0.00ns)   --->   "%specinterface_ln0 = specinterface void @_ssdm_op_SpecInterface, i64 %s_avgBPreHeader, void @empty_3, i32 0, i32 0, void @empty_2, i32 0, i32 0, void @empty_2, void @empty_2, void @empty_2, i32 0, i32 0, i32 0, i32 0, void @empty_2, void @empty_2, i32 4294967295, i32 0"   --->   Operation 267 'specinterface' 'specinterface_ln0' <Predicate = true> <Delay = 0.00>
ST_117 : Operation 268 [1/1] (0.00ns)   --->   "%specinterface_ln0 = specinterface void @_ssdm_op_SpecInterface, i32 %s_avgAHeader, void @empty_3, i32 0, i32 0, void @empty_2, i32 0, i32 0, void @empty_2, void @empty_2, void @empty_2, i32 0, i32 0, i32 0, i32 0, void @empty_2, void @empty_2, i32 4294967295, i32 0"   --->   Operation 268 'specinterface' 'specinterface_ln0' <Predicate = true> <Delay = 0.00>
ST_117 : Operation 269 [1/1] (0.00ns)   --->   "%specinterface_ln0 = specinterface void @_ssdm_op_SpecInterface, i32 %s_avgBHeader, void @empty_3, i32 0, i32 0, void @empty_2, i32 0, i32 0, void @empty_2, void @empty_2, void @empty_2, i32 0, i32 0, i32 0, i32 0, void @empty_2, void @empty_2, i32 4294967295, i32 0"   --->   Operation 269 'specinterface' 'specinterface_ln0' <Predicate = true> <Delay = 0.00>
ST_117 : Operation 270 [1/1] (0.00ns)   --->   "%specinterface_ln0 = specinterface void @_ssdm_op_SpecInterface, i13 %s_avgBSamplesOut, void @empty_3, i32 0, i32 0, void @empty_2, i32 0, i32 0, void @empty_2, void @empty_2, void @empty_2, i32 0, i32 0, i32 0, i32 0, void @empty_2, void @empty_2, i32 4294967295, i32 0"   --->   Operation 270 'specinterface' 'specinterface_ln0' <Predicate = true> <Delay = 0.00>
ST_117 : Operation 271 [1/1] (0.00ns)   --->   "%specinterface_ln0 = specinterface void @_ssdm_op_SpecInterface, i13 %avgBSamplesFifoProc_stream_stream_sample_data_pair_t_0_s_avgBSamples_5, void @empty_3, i32 0, i32 0, void @empty_2, i32 0, i32 0, void @empty_2, void @empty_2, void @empty_2, i32 0, i32 0, i32 0, i32 0, void @empty_2, void @empty_2, i32 4294967295, i32 0"   --->   Operation 271 'specinterface' 'specinterface_ln0' <Predicate = true> <Delay = 0.00>
ST_117 : Operation 272 [1/1] (0.00ns)   --->   "%specinterface_ln0 = specinterface void @_ssdm_op_SpecInterface, i13 %avgBSamplesFifoProc_stream_stream_sample_data_pair_t_0_s_avgBSamples_4, void @empty_3, i32 0, i32 0, void @empty_2, i32 0, i32 0, void @empty_2, void @empty_2, void @empty_2, i32 0, i32 0, i32 0, i32 0, void @empty_2, void @empty_2, i32 4294967295, i32 0"   --->   Operation 272 'specinterface' 'specinterface_ln0' <Predicate = true> <Delay = 0.00>
ST_117 : Operation 273 [1/1] (0.00ns)   --->   "%specinterface_ln0 = specinterface void @_ssdm_op_SpecInterface, i13 %avgBSamplesFifoProc_stream_stream_sample_data_pair_t_0_s_avgBSamples_3, void @empty_3, i32 0, i32 0, void @empty_2, i32 0, i32 0, void @empty_2, void @empty_2, void @empty_2, i32 0, i32 0, i32 0, i32 0, void @empty_2, void @empty_2, i32 4294967295, i32 0"   --->   Operation 273 'specinterface' 'specinterface_ln0' <Predicate = true> <Delay = 0.00>
ST_117 : Operation 274 [1/1] (0.00ns)   --->   "%specinterface_ln0 = specinterface void @_ssdm_op_SpecInterface, i13 %avgBSamplesFifoProc_stream_stream_sample_data_pair_t_0_s_avgBSamples_2, void @empty_3, i32 0, i32 0, void @empty_2, i32 0, i32 0, void @empty_2, void @empty_2, void @empty_2, i32 0, i32 0, i32 0, i32 0, void @empty_2, void @empty_2, i32 4294967295, i32 0"   --->   Operation 274 'specinterface' 'specinterface_ln0' <Predicate = true> <Delay = 0.00>
ST_117 : Operation 275 [1/1] (0.00ns)   --->   "%specinterface_ln0 = specinterface void @_ssdm_op_SpecInterface, i13 %avgBSamplesFifoProc_stream_stream_sample_data_pair_t_0_s_avgBSamples_1, void @empty_3, i32 0, i32 0, void @empty_2, i32 0, i32 0, void @empty_2, void @empty_2, void @empty_2, i32 0, i32 0, i32 0, i32 0, void @empty_2, void @empty_2, i32 4294967295, i32 0"   --->   Operation 275 'specinterface' 'specinterface_ln0' <Predicate = true> <Delay = 0.00>
ST_117 : Operation 276 [1/1] (0.00ns)   --->   "%specinterface_ln0 = specinterface void @_ssdm_op_SpecInterface, i13 %avgBSamplesFifoProc_stream_stream_sample_data_pair_t_0_s_avgBSamples, void @empty_3, i32 0, i32 0, void @empty_2, i32 0, i32 0, void @empty_2, void @empty_2, void @empty_2, i32 0, i32 0, i32 0, i32 0, void @empty_2, void @empty_2, i32 4294967295, i32 0"   --->   Operation 276 'specinterface' 'specinterface_ln0' <Predicate = true> <Delay = 0.00>
ST_117 : Operation 277 [1/1] (0.00ns)   --->   "%specinterface_ln0 = specinterface void @_ssdm_op_SpecInterface, i32 %s_avgBSamplesIn, void @empty_3, i32 0, i32 0, void @empty_2, i32 0, i32 0, void @empty_2, void @empty_2, void @empty_2, i32 0, i32 0, i32 0, i32 0, void @empty_2, void @empty_2, i32 4294967295, i32 0"   --->   Operation 277 'specinterface' 'specinterface_ln0' <Predicate = true> <Delay = 0.00>
ST_117 : Operation 278 [1/3] (0.00ns)   --->   "%call_ln485 = call void @event_writer, i33 %s_evOut, i1 %build_all_samples_read, i1 %enable_cm_read, i5 %fiber_read, i13 %m_apvThr, i3 %ps_1, i4 %apv_id_1, i7 %sample_n, i13 %event_writer_stream_stream_stream_ap_uint_ap_uint_ap_uint_ap_int_128_s_5, i13 %event_writer_stream_stream_stream_ap_uint_ap_uint_ap_uint_ap_int_128_s_4, i16 %sum, i13 %event_writer_stream_stream_stream_ap_uint_ap_uint_ap_uint_ap_int_128_s_3, i13 %event_writer_stream_stream_stream_ap_uint_ap_uint_ap_uint_ap_int_128_s_2, i32 %s_avgBHeader, i3 %cnt, i13 %avgB_1, i32 %s_avgBSamplesIn, i13 %event_writer_stream_stream_stream_ap_uint_ap_uint_ap_uint_ap_int_128_s_1, i13 %event_writer_stream_stream_stream_ap_uint_ap_uint_ap_uint_ap_int_128_s" [../mpd_data_processor.cpp:485]   --->   Operation 278 'call' 'call_ln485' <Predicate = true> <Delay = 0.00> <CoreType = "Generic">   --->   Core 0 '' <Latency = 0> <II = 1> <Delay = 1.00> <Generic> <Opcode : >
ST_117 : Operation 279 [1/1] (0.00ns)   --->   "%ret_ln486 = ret" [../mpd_data_processor.cpp:486]   --->   Operation 279 'ret' 'ret_ln486' <Predicate = true> <Delay = 0.00>


============================================================
+ Verbose Summary: Timing violations
============================================================
Target clock period: 8.000ns, clock uncertainty: 1.000ns.

 <State 1>: 0.000ns
The critical path consists of the following:

 <State 2>: 0.000ns
The critical path consists of the following:

 <State 3>: 0.000ns
The critical path consists of the following:

 <State 4>: 0.000ns
The critical path consists of the following:

 <State 5>: 0.000ns
The critical path consists of the following:

 <State 6>: 0.000ns
The critical path consists of the following:

 <State 7>: 0.000ns
The critical path consists of the following:

 <State 8>: 0.000ns
The critical path consists of the following:

 <State 9>: 0.000ns
The critical path consists of the following:

 <State 10>: 0.000ns
The critical path consists of the following:

 <State 11>: 0.000ns
The critical path consists of the following:

 <State 12>: 0.000ns
The critical path consists of the following:

 <State 13>: 0.000ns
The critical path consists of the following:

 <State 14>: 0.000ns
The critical path consists of the following:

 <State 15>: 0.000ns
The critical path consists of the following:

 <State 16>: 0.000ns
The critical path consists of the following:

 <State 17>: 0.000ns
The critical path consists of the following:

 <State 18>: 0.000ns
The critical path consists of the following:

 <State 19>: 0.000ns
The critical path consists of the following:

 <State 20>: 0.000ns
The critical path consists of the following:

 <State 21>: 0.000ns
The critical path consists of the following:

 <State 22>: 0.000ns
The critical path consists of the following:

 <State 23>: 0.000ns
The critical path consists of the following:

 <State 24>: 0.000ns
The critical path consists of the following:

 <State 25>: 0.000ns
The critical path consists of the following:

 <State 26>: 0.000ns
The critical path consists of the following:

 <State 27>: 0.000ns
The critical path consists of the following:

 <State 28>: 0.000ns
The critical path consists of the following:

 <State 29>: 0.000ns
The critical path consists of the following:

 <State 30>: 0.000ns
The critical path consists of the following:

 <State 31>: 0.000ns
The critical path consists of the following:

 <State 32>: 0.000ns
The critical path consists of the following:

 <State 33>: 0.000ns
The critical path consists of the following:

 <State 34>: 0.000ns
The critical path consists of the following:

 <State 35>: 0.000ns
The critical path consists of the following:

 <State 36>: 0.000ns
The critical path consists of the following:

 <State 37>: 0.000ns
The critical path consists of the following:

 <State 38>: 0.000ns
The critical path consists of the following:

 <State 39>: 0.000ns
The critical path consists of the following:

 <State 40>: 0.000ns
The critical path consists of the following:

 <State 41>: 0.000ns
The critical path consists of the following:

 <State 42>: 0.000ns
The critical path consists of the following:

 <State 43>: 0.000ns
The critical path consists of the following:

 <State 44>: 0.000ns
The critical path consists of the following:

 <State 45>: 0.000ns
The critical path consists of the following:

 <State 46>: 0.000ns
The critical path consists of the following:

 <State 47>: 0.000ns
The critical path consists of the following:

 <State 48>: 0.000ns
The critical path consists of the following:

 <State 49>: 0.000ns
The critical path consists of the following:

 <State 50>: 0.000ns
The critical path consists of the following:

 <State 51>: 0.000ns
The critical path consists of the following:

 <State 52>: 0.000ns
The critical path consists of the following:

 <State 53>: 0.000ns
The critical path consists of the following:

 <State 54>: 0.000ns
The critical path consists of the following:

 <State 55>: 0.000ns
The critical path consists of the following:

 <State 56>: 0.000ns
The critical path consists of the following:

 <State 57>: 0.000ns
The critical path consists of the following:

 <State 58>: 0.000ns
The critical path consists of the following:

 <State 59>: 0.000ns
The critical path consists of the following:

 <State 60>: 0.000ns
The critical path consists of the following:

 <State 61>: 0.000ns
The critical path consists of the following:

 <State 62>: 0.000ns
The critical path consists of the following:

 <State 63>: 0.000ns
The critical path consists of the following:

 <State 64>: 0.000ns
The critical path consists of the following:

 <State 65>: 0.000ns
The critical path consists of the following:

 <State 66>: 0.000ns
The critical path consists of the following:

 <State 67>: 0.000ns
The critical path consists of the following:

 <State 68>: 0.000ns
The critical path consists of the following:

 <State 69>: 0.000ns
The critical path consists of the following:

 <State 70>: 0.000ns
The critical path consists of the following:

 <State 71>: 0.000ns
The critical path consists of the following:

 <State 72>: 0.000ns
The critical path consists of the following:

 <State 73>: 0.000ns
The critical path consists of the following:

 <State 74>: 0.000ns
The critical path consists of the following:

 <State 75>: 0.000ns
The critical path consists of the following:

 <State 76>: 0.000ns
The critical path consists of the following:

 <State 77>: 0.000ns
The critical path consists of the following:

 <State 78>: 0.000ns
The critical path consists of the following:

 <State 79>: 0.000ns
The critical path consists of the following:

 <State 80>: 0.000ns
The critical path consists of the following:

 <State 81>: 0.000ns
The critical path consists of the following:

 <State 82>: 0.000ns
The critical path consists of the following:

 <State 83>: 0.000ns
The critical path consists of the following:

 <State 84>: 0.000ns
The critical path consists of the following:

 <State 85>: 0.000ns
The critical path consists of the following:

 <State 86>: 0.000ns
The critical path consists of the following:

 <State 87>: 0.000ns
The critical path consists of the following:

 <State 88>: 0.000ns
The critical path consists of the following:

 <State 89>: 0.000ns
The critical path consists of the following:

 <State 90>: 0.000ns
The critical path consists of the following:

 <State 91>: 0.000ns
The critical path consists of the following:

 <State 92>: 0.000ns
The critical path consists of the following:

 <State 93>: 0.000ns
The critical path consists of the following:

 <State 94>: 0.000ns
The critical path consists of the following:

 <State 95>: 0.000ns
The critical path consists of the following:

 <State 96>: 0.000ns
The critical path consists of the following:

 <State 97>: 0.000ns
The critical path consists of the following:

 <State 98>: 0.000ns
The critical path consists of the following:

 <State 99>: 0.000ns
The critical path consists of the following:

 <State 100>: 0.000ns
The critical path consists of the following:

 <State 101>: 0.000ns
The critical path consists of the following:

 <State 102>: 0.000ns
The critical path consists of the following:

 <State 103>: 0.000ns
The critical path consists of the following:

 <State 104>: 0.000ns
The critical path consists of the following:

 <State 105>: 0.000ns
The critical path consists of the following:

 <State 106>: 0.000ns
The critical path consists of the following:

 <State 107>: 0.000ns
The critical path consists of the following:

 <State 108>: 0.000ns
The critical path consists of the following:

 <State 109>: 0.000ns
The critical path consists of the following:

 <State 110>: 0.000ns
The critical path consists of the following:

 <State 111>: 0.000ns
The critical path consists of the following:

 <State 112>: 0.000ns
The critical path consists of the following:

 <State 113>: 0.000ns
The critical path consists of the following:

 <State 114>: 0.000ns
The critical path consists of the following:

 <State 115>: 7.564ns
The critical path consists of the following:
	wire read operation ('fiber_read', ../mpd_data_processor.cpp:460) on port 'fiber' (../mpd_data_processor.cpp:460) [95]  (0.000 ns)
	'call' operation ('call_ln485', ../mpd_data_processor.cpp:485) to 'event_writer' [102]  (7.564 ns)

 <State 116>: 0.000ns
The critical path consists of the following:

 <State 117>: 0.000ns
The critical path consists of the following:


============================================================
+ Verbose Summary: Binding
============================================================
N/A
* FSMD analyzer results:
  - Output states:
 - Input state : 
  - Chain level:
	State 1
	State 2
	State 3
	State 4
	State 5
	State 6
	State 7
	State 8
	State 9
	State 10
	State 11
	State 12
	State 13
	State 14
	State 15
	State 16
	State 17
	State 18
	State 19
	State 20
	State 21
	State 22
	State 23
	State 24
	State 25
	State 26
	State 27
	State 28
	State 29
	State 30
	State 31
	State 32
	State 33
	State 34
	State 35
	State 36
	State 37
	State 38
	State 39
	State 40
	State 41
	State 42
	State 43
	State 44
	State 45
	State 46
	State 47
	State 48
	State 49
	State 50
	State 51
	State 52
	State 53
	State 54
	State 55
	State 56
	State 57
	State 58
	State 59
	State 60
	State 61
	State 62
	State 63
	State 64
	State 65
	State 66
	State 67
	State 68
	State 69
	State 70
	State 71
	State 72
	State 73
	State 74
	State 75
	State 76
	State 77
	State 78
	State 79
	State 80
	State 81
	State 82
	State 83
	State 84
	State 85
	State 86
	State 87
	State 88
	State 89
	State 90
	State 91
	State 92
	State 93
	State 94
	State 95
	State 96
	State 97
	State 98
	State 99
	State 100
	State 101
	State 102
	State 103
	State 104
	State 105
	State 106
	State 107
	State 108
	State 109
	State 110
	State 111
	State 112
	State 113
	State 114
	State 115
	State 116
	State 117


============================================================
+ Verbose Summary: Datapath Resource usage 
============================================================
N/A
