

================================================================
== Vitis HLS Report for 'avgB'
================================================================
* Date:           Fri Jun 28 16:03:24 2024

* Version:        2023.1 (Build 3854077 on May  4 2023)
* Project:        mpd_data_processor
* Solution:       solution1 (Vivado IP Flow Target)
* Product family: kintexu
* Target device:  xcku035-ffva1156-1-i


================================================================
== Performance Estimates
================================================================
+ Timing: 
    * Summary: 
    +--------+---------+----------+------------+
    |  Clock |  Target | Estimated| Uncertainty|
    +--------+---------+----------+------------+
    |ap_clk  |  8.00 ns|  5.310 ns|     1.00 ns|
    +--------+---------+----------+------------+

+ Latency: 
    * Summary: 
    +---------+---------+-----------+-----------+-----+-----+----------+
    |  Latency (cycles) |   Latency (absolute)  |  Interval | Pipeline |
    |   min   |   max   |    min    |    max    | min | max |   Type   |
    +---------+---------+-----------+-----------+-----+-----+----------+
    |        2|        2|  16.000 ns|  16.000 ns|    2|    2|  yes(flp)|
    +---------+---------+-----------+-----------+-----+-----+----------+

    + Detail: 
        * Instance: 
        N/A

        * Loop: 
        N/A



================================================================
== Utilization Estimates
================================================================
* Summary: 
+-----------------+---------+------+--------+--------+-----+
|       Name      | BRAM_18K|  DSP |   FF   |   LUT  | URAM|
+-----------------+---------+------+--------+--------+-----+
|DSP              |        -|     -|       -|       -|    -|
|Expression       |        -|     -|       0|     218|    -|
|FIFO             |        -|     -|       -|       -|    -|
|Instance         |        -|     -|       -|       -|    -|
|Memory           |        -|     -|       -|       -|    -|
|Multiplexer      |        -|     -|       -|     174|    -|
|Register         |        -|     -|     143|       -|    -|
+-----------------+---------+------+--------+--------+-----+
|Total            |        0|     0|     143|     392|    0|
+-----------------+---------+------+--------+--------+-----+
|Available        |     1080|  1700|  406256|  203128|    0|
+-----------------+---------+------+--------+--------+-----+
|Utilization (%)  |        0|     0|      ~0|      ~0|    0|
+-----------------+---------+------+--------+--------+-----+

+ Detail: 
    * Instance: 
    N/A

    * DSP: 
    N/A

    * Memory: 
    N/A

    * FIFO: 
    N/A

    * Expression: 
    +----------------------------------+----------+----+---+----+------------+------------+
    |           Variable Name          | Operation| DSP| FF| LUT| Bitwidth P0| Bitwidth P1|
    +----------------------------------+----------+----+---+----+------------+------------+
    |add_ln199_1_fu_219_p2             |         +|   0|  0|  18|          11|          11|
    |add_ln199_fu_364_p2               |         +|   0|  0|  21|          14|          14|
    |add_ln202_fu_433_p2               |         +|   0|  0|  27|          20|          20|
    |add_ln203_fu_445_p2               |         +|   0|  0|  15|           8|           1|
    |add_ln206_fu_236_p2               |         +|   0|  0|  15|           8|           1|
    |thr_fu_378_p2                     |         +|   0|  0|  20|          13|          13|
    |and_ln199_fu_397_p2               |       and|   0|  0|   2|           1|           1|
    |ap_condition_121                  |       and|   0|  0|   2|           1|           1|
    |ap_condition_128                  |       and|   0|  0|   2|           1|           1|
    |ap_condition_144                  |       and|   0|  0|   2|           1|           1|
    |ap_condition_231                  |       and|   0|  0|   2|           1|           1|
    |ap_condition_248                  |       and|   0|  0|   2|           1|           1|
    |ap_condition_252                  |       and|   0|  0|   2|           1|           1|
    |ap_condition_267                  |       and|   0|  0|   2|           1|           1|
    |ap_condition_273                  |       and|   0|  0|   2|           1|           1|
    |ap_predicate_op21_read_state2     |       and|   0|  0|   2|           1|           1|
    |ap_predicate_op30_read_state2     |       and|   0|  0|   2|           1|           1|
    |ap_predicate_op39_read_state2     |       and|   0|  0|   2|           1|           1|
    |grp_nbreadreq_fu_128_p3           |       and|   0|  0|   2|           1|           0|
    |tmp_32_i_nbreadreq_fu_120_p3      |       and|   0|  0|   2|           1|           0|
    |icmp_ln200_fu_425_p2              |      icmp|   0|  0|  20|          13|          13|
    |icmp_ln206_fu_247_p2              |      icmp|   0|  0|  15|           8|           7|
    |ap_block_state1_pp0_stage0_iter0  |        or|   0|  0|   2|           1|           1|
    |ap_block_state2_pp0_stage1_iter0  |        or|   0|  0|   2|           1|           1|
    |ap_block_state3_pp0_stage0_iter1  |        or|   0|  0|   2|           1|           1|
    |ap_condition_260                  |        or|   0|  0|   2|           1|           1|
    |select_ln199_fu_409_p3            |    select|   0|  0|  14|           1|          12|
    |thr_1_fu_417_p3                   |    select|   0|  0|  13|           1|          13|
    |xor_ln199_1_fu_403_p2             |       xor|   0|  0|   2|           1|           1|
    |xor_ln199_fu_391_p2               |       xor|   0|  0|   2|           1|           2|
    +----------------------------------+----------+----+---+----+------------+------------+
    |Total                             |          |   0|  0| 218|         117|         124|
    +----------------------------------+----------+----+---+----+------------+------------+

    * Multiplexer: 
    +---------------------------------------+----+-----------+-----+-----------+
    |                  Name                 | LUT| Input Size| Bits| Total Bits|
    +---------------------------------------+----+-----------+-----+-----------+
    |ap_NS_iter0_fsm                        |  14|          3|    2|          6|
    |ap_NS_iter1_fsm                        |  14|          3|    2|          6|
    |ap_done                                |   9|          2|    1|          2|
    |ap_phi_mux_storemerge_i_phi_fu_179_p4  |  14|          3|    3|          9|
    |avg_pre_header_cnt_1                   |   9|          2|    8|         16|
    |avg_pre_header_sum_1                   |  14|          3|   20|         60|
    |n                                      |   9|          2|    8|         16|
    |ps_2                                   |  26|          5|    3|         15|
    |real_start                             |   9|          2|    1|          2|
    |s_avgAHeader_blk_n                     |   9|          2|    1|          2|
    |s_avgASamples_blk_n                    |   9|          2|    1|          2|
    |s_avgBPreHeader_blk_n                  |   9|          2|    1|          2|
    |s_avgBPreHeader_din                    |  20|          4|   64|        256|
    |s_avgBSamplesOut_blk_n                 |   9|          2|    1|          2|
    +---------------------------------------+----+-----------+-----+-----------+
    |Total                                  | 174|         37|  116|        396|
    +---------------------------------------+----+-----------+-----+-----------+

    * Register: 
    +---------------------------------+----+----+-----+-----------+
    |               Name              | FF | LUT| Bits| Const Bits|
    +---------------------------------+----+----+-----+-----------+
    |ap_CS_iter0_fsm                  |   2|   0|    2|          0|
    |ap_CS_iter1_fsm                  |   2|   0|    2|          0|
    |ap_done_reg                      |   1|   0|    1|          0|
    |apv_id_2                         |   4|   0|    4|          0|
    |avg                              |  13|   0|   13|          0|
    |avg_header_tag_reg_600           |   1|   0|    1|          0|
    |avg_pre_header_cnt_1             |   8|   0|    8|          0|
    |avg_pre_header_sum_1             |  20|   0|   20|          0|
    |avg_pre_header_tag_1             |   1|   0|    1|          0|
    |m_apvThrB_load_reg_583           |  13|   0|   13|          0|
    |n                                |   8|   0|    8|          0|
    |n_load_reg_558                   |   8|   0|    8|          0|
    |ps_2                             |   3|   0|    3|          0|
    |ps_2_load_reg_550                |   3|   0|    3|          0|
    |ps_2_load_reg_550_pp0_iter0_reg  |   3|   0|    3|          0|
    |s_avgAHeader_read_reg_595        |  32|   0|   32|          0|
    |sample_data_reg_577              |  13|   0|   13|          0|
    |start_once_reg                   |   1|   0|    1|          0|
    |tmp_32_i_reg_554                 |   1|   0|    1|          0|
    |tmp_32_i_reg_554_pp0_iter0_reg   |   1|   0|    1|          0|
    |tmp_i_41_reg_569                 |   1|   0|    1|          0|
    |tmp_i_reg_573                    |   1|   0|    1|          0|
    |tmp_i_reg_573_pp0_iter0_reg      |   1|   0|    1|          0|
    |trunc_ln149_reg_604              |   2|   0|    2|          0|
    +---------------------------------+----+----+-----+-----------+
    |Total                            | 143|   0|  143|          0|
    +---------------------------------+----+----+-----+-----------+



================================================================
== Interface
================================================================
* Summary: 
+---------------------------------+-----+-----+------------+------------------+--------------+
|            RTL Ports            | Dir | Bits|  Protocol  |   Source Object  |    C Type    |
+---------------------------------+-----+-----+------------+------------------+--------------+
|ap_clk                           |   in|    1|  ap_ctrl_hs|              avgB|  return value|
|ap_rst                           |   in|    1|  ap_ctrl_hs|              avgB|  return value|
|ap_start                         |   in|    1|  ap_ctrl_hs|              avgB|  return value|
|start_full_n                     |   in|    1|  ap_ctrl_hs|              avgB|  return value|
|ap_done                          |  out|    1|  ap_ctrl_hs|              avgB|  return value|
|ap_continue                      |   in|    1|  ap_ctrl_hs|              avgB|  return value|
|ap_idle                          |  out|    1|  ap_ctrl_hs|              avgB|  return value|
|ap_ready                         |  out|    1|  ap_ctrl_hs|              avgB|  return value|
|start_out                        |  out|    1|  ap_ctrl_hs|              avgB|  return value|
|start_write                      |  out|    1|  ap_ctrl_hs|              avgB|  return value|
|s_avgASamples_dout               |   in|   13|     ap_fifo|     s_avgASamples|       pointer|
|s_avgASamples_num_data_valid     |   in|    3|     ap_fifo|     s_avgASamples|       pointer|
|s_avgASamples_fifo_cap           |   in|    3|     ap_fifo|     s_avgASamples|       pointer|
|s_avgASamples_empty_n            |   in|    1|     ap_fifo|     s_avgASamples|       pointer|
|s_avgASamples_read               |  out|    1|     ap_fifo|     s_avgASamples|       pointer|
|s_avgBSamplesOut_din             |  out|   13|     ap_fifo|  s_avgBSamplesOut|       pointer|
|s_avgBSamplesOut_num_data_valid  |   in|    2|     ap_fifo|  s_avgBSamplesOut|       pointer|
|s_avgBSamplesOut_fifo_cap        |   in|    2|     ap_fifo|  s_avgBSamplesOut|       pointer|
|s_avgBSamplesOut_full_n          |   in|    1|     ap_fifo|  s_avgBSamplesOut|       pointer|
|s_avgBSamplesOut_write           |  out|    1|     ap_fifo|  s_avgBSamplesOut|       pointer|
|s_avgAHeader_dout                |   in|   32|     ap_fifo|      s_avgAHeader|       pointer|
|s_avgAHeader_num_data_valid      |   in|    2|     ap_fifo|      s_avgAHeader|       pointer|
|s_avgAHeader_fifo_cap            |   in|    2|     ap_fifo|      s_avgAHeader|       pointer|
|s_avgAHeader_empty_n             |   in|    1|     ap_fifo|      s_avgAHeader|       pointer|
|s_avgAHeader_read                |  out|    1|     ap_fifo|      s_avgAHeader|       pointer|
|s_avgBPreHeader_din              |  out|   64|     ap_fifo|   s_avgBPreHeader|       pointer|
|s_avgBPreHeader_num_data_valid   |   in|    2|     ap_fifo|   s_avgBPreHeader|       pointer|
|s_avgBPreHeader_fifo_cap         |   in|    2|     ap_fifo|   s_avgBPreHeader|       pointer|
|s_avgBPreHeader_full_n           |   in|    1|     ap_fifo|   s_avgBPreHeader|       pointer|
|s_avgBPreHeader_write            |  out|    1|     ap_fifo|   s_avgBPreHeader|       pointer|
|m_apvThrB_address0               |  out|   11|   ap_memory|         m_apvThrB|         array|
|m_apvThrB_ce0                    |  out|    1|   ap_memory|         m_apvThrB|         array|
|m_apvThrB_q0                     |   in|   13|   ap_memory|         m_apvThrB|         array|
+---------------------------------+-----+-----+------------+------------------+--------------+

