

================================================================
== Synthesis Summary Report of 'mpd_data_processor_main'
================================================================
+ General Information: 
    * Date:           Fri Jun 28 16:03:25 2024
    * Version:        2023.1 (Build 3854077 on May  4 2023)
    * Project:        mpd_data_processor
    * Solution:       solution1 (Vivado IP Flow Target)
    * Product family: kintexu
    * Target device:  xcku035-ffva1156-1-i
    

+ Performance & Resource Estimates: 
    
    PS: '+' for module; 'o' for loop; '*' for dataflow
    +----------------------------+--------+-------+---------+-----------+----------+---------+------+----------+------+----+------------+------------+-----+
    |           Modules          |  Issue |       | Latency |  Latency  | Iteration|         | Trip |          |      |    |            |            |     |
    |           & Loops          |  Type  | Slack | (cycles)|    (ns)   |  Latency | Interval| Count| Pipelined| BRAM | DSP|     FF     |     LUT    | URAM|
    +----------------------------+--------+-------+---------+-----------+----------+---------+------+----------+------+----+------------+------------+-----+
    |+ mpd_data_processor_main*  |  Timing|  -3.67|      114|  1.216e+03|         -|       64|     -|  dataflow|     -|   -|  3313 (~0%)|   4805 (2%)|    -|
    | + frame_decoder            |       -|   2.40|        3|     24.000|         -|        2|     -|  yes(flp)|     -|   -|   161 (~0%)|   729 (~0%)|    -|
    | + avgHeaderDiv             |       -|   3.59|       88|    704.000|         -|       64|     -|  yes(flp)|     -|   -|  1248 (~0%)|  1375 (~0%)|    -|
    | + avgB                     |       -|   1.69|        2|     16.000|         -|        2|     -|  yes(flp)|     -|   -|   143 (~0%)|   392 (~0%)|    -|
    | + avgBSamplesFifoProc      |      II|   1.69|       17|    136.000|         -|        7|     -|  yes(flp)|     -|   -|   786 (~0%)|   731 (~0%)|    -|
    | + event_writer             |  Timing|  -3.67|        2|     21.337|         -|        2|     -|  yes(flp)|     -|   -|   282 (~0%)|  1102 (~0%)|    -|
    +----------------------------+--------+-------+---------+-----------+----------+---------+------+----------+------+----+------------+------------+-----+


================================================================
== HW Interfaces
================================================================
* AP_FIFO
+-----------+-----------+------------+
| Interface | Direction | Data Width |
+-----------+-----------+------------+
| s_evIn    | out       | 33         |
| s_evOut   | out       | 33         |
+-----------+-----------+------------+

* AP_MEMORY
+--------------------+-----------+----------+
| Port               | Direction | Bitwidth |
+--------------------+-----------+----------+
| m_apvThrB_address0 | out       | 11       |
| m_apvThrB_address1 | out       | 11       |
| m_apvThrB_d0       | out       | 13       |
| m_apvThrB_d1       | out       | 13       |
| m_apvThrB_q0       | in        | 13       |
| m_apvThrB_q1       | in        | 13       |
| m_apvThr_address0  | out       | 11       |
| m_apvThr_address1  | out       | 11       |
| m_apvThr_d0        | out       | 13       |
| m_apvThr_d1        | out       | 13       |
| m_apvThr_q0        | in        | 13       |
| m_apvThr_q1        | in        | 13       |
| m_offset_address0  | out       | 10       |
| m_offset_address1  | out       | 10       |
| m_offset_d0        | out       | 26       |
| m_offset_d1        | out       | 26       |
| m_offset_q0        | in        | 26       |
| m_offset_q1        | in        | 26       |
+--------------------+-----------+----------+

* Other Ports
+---------------------+-----------+-----------+----------+
| Port                | Mode      | Direction | Bitwidth |
+---------------------+-----------+-----------+----------+
| build_all_samples   | ap_stable | in        | 1        |
| build_debug_headers | ap_stable | in        | 1        |
| enable_cm           | ap_stable | in        | 1        |
| fiber               | ap_stable | in        | 5        |
+---------------------+-----------+-----------+----------+

* TOP LEVEL CONTROL
+-----------+--------------+--------+
| Interface | Type         | Ports  |
+-----------+--------------+--------+
| ap_clk    | clock        | ap_clk |
| ap_rst    | reset        | ap_rst |
| ap_ctrl   | ap_ctrl_none |        |
+-----------+--------------+--------+


================================================================
== SW I/O Information
================================================================
* Top Function Arguments
+---------------------+-----------+--------------------------+
| Argument            | Direction | Datatype                 |
+---------------------+-----------+--------------------------+
| s_evIn              | in        | stream<event_data_t, 0>& |
| s_evOut             | out       | stream<event_data_t, 0>& |
| build_all_samples   | in        | ap_uint<1>               |
| build_debug_headers | in        | ap_uint<1>               |
| enable_cm           | in        | ap_uint<1>               |
| fiber               | in        | ap_uint<5>               |
| m_offset            | in        | ap_int<26>*              |
| m_apvThr            | in        | ap_int<13>*              |
| m_apvThrB           | in        | ap_int<13>*              |
+---------------------+-----------+--------------------------+

* SW-to-HW Mapping
+---------------------+---------------------+-----------+----------+
| Argument            | HW Interface        | HW Type   | HW Usage |
+---------------------+---------------------+-----------+----------+
| s_evIn              | s_evIn              | interface |          |
| s_evOut             | s_evOut             | interface |          |
| build_all_samples   | build_all_samples   | port      |          |
| build_debug_headers | build_debug_headers | port      |          |
| enable_cm           | enable_cm           | port      |          |
| fiber               | fiber               | port      |          |
| m_offset            | m_offset_address0   | port      | offset   |
| m_offset            | m_offset_ce0        | port      |          |
| m_offset            | m_offset_d0         | port      |          |
| m_offset            | m_offset_q0         | port      |          |
| m_offset            | m_offset_we0        | port      |          |
| m_offset            | m_offset_address1   | port      | offset   |
| m_offset            | m_offset_ce1        | port      |          |
| m_offset            | m_offset_d1         | port      |          |
| m_offset            | m_offset_q1         | port      |          |
| m_offset            | m_offset_we1        | port      |          |
| m_apvThr            | m_apvThr_address0   | port      | offset   |
| m_apvThr            | m_apvThr_ce0        | port      |          |
| m_apvThr            | m_apvThr_d0         | port      |          |
| m_apvThr            | m_apvThr_q0         | port      |          |
| m_apvThr            | m_apvThr_we0        | port      |          |
| m_apvThr            | m_apvThr_address1   | port      | offset   |
| m_apvThr            | m_apvThr_ce1        | port      |          |
| m_apvThr            | m_apvThr_d1         | port      |          |
| m_apvThr            | m_apvThr_q1         | port      |          |
| m_apvThr            | m_apvThr_we1        | port      |          |
| m_apvThrB           | m_apvThrB_address0  | port      | offset   |
| m_apvThrB           | m_apvThrB_ce0       | port      |          |
| m_apvThrB           | m_apvThrB_d0        | port      |          |
| m_apvThrB           | m_apvThrB_q0        | port      |          |
| m_apvThrB           | m_apvThrB_we0       | port      |          |
| m_apvThrB           | m_apvThrB_address1  | port      | offset   |
| m_apvThrB           | m_apvThrB_ce1       | port      |          |
| m_apvThrB           | m_apvThrB_d1        | port      |          |
| m_apvThrB           | m_apvThrB_q1        | port      |          |
| m_apvThrB           | m_apvThrB_we1       | port      |          |
+---------------------+---------------------+-----------+----------+


================================================================
== Bind Op Report
================================================================
+---------------------------+-----+--------+-------------+-----+--------+---------+
| Name                      | DSP | Pragma | Variable    | Op  | Impl   | Latency |
+---------------------------+-----+--------+-------------+-----+--------+---------+
| + mpd_data_processor_main | 0   |        |             |     |        |         |
|  + frame_decoder          | 0   |        |             |     |        |         |
|    sub_ln92_fu_390_p2     | -   |        | sub_ln92    | sub | fabric | 0       |
|    add_ln97_fu_713_p2     | -   |        | add_ln97    | add | fabric | 0       |
|    add_ln98_fu_719_p2     | -   |        | add_ln98    | add | fabric | 0       |
|    sub_ln102_fu_478_p2    | -   |        | sub_ln102   | sub | fabric | 0       |
|    add_ln107_fu_772_p2    | -   |        | add_ln107   | add | fabric | 0       |
|    add_ln108_fu_778_p2    | -   |        | add_ln108   | add | fabric | 0       |
|    add_ln114_fu_544_p2    | -   |        | add_ln114   | add | fabric | 0       |
|  + avgB                   | 0   |        |             |     |        |         |
|    add_ln199_1_fu_219_p2  | -   |        | add_ln199_1 | add | fabric | 0       |
|    add_ln199_fu_364_p2    | -   |        | add_ln199   | add | fabric | 0       |
|    thr_fu_378_p2          | -   |        | thr         | add | fabric | 0       |
|    add_ln202_fu_433_p2    | -   |        | add_ln202   | add | fabric | 0       |
|    add_ln203_fu_445_p2    | -   |        | add_ln203   | add | fabric | 0       |
|    add_ln206_fu_236_p2    | -   |        | add_ln206   | add | fabric | 0       |
|  + avgBSamplesFifoProc    | 0   |        |             |     |        |         |
|    grp_fu_231_p0          | -   |        | add_ln449   | add | fabric | 0       |
|    add_ln451_fu_237_p2    | -   |        | add_ln451   | add | fabric | 0       |
|    sub_ln451_fu_269_p2    | -   |        | sub_ln451   | sub | fabric | 0       |
|  + event_writer           | 0   |        |             |     |        |         |
|    sub_ln353_fu_423_p2    | -   |        | sub_ln353   | sub | fabric | 0       |
|    sub_ln354_fu_490_p2    | -   |        | sub_ln354   | sub | fabric | 0       |
|    add_ln355_fu_584_p2    | -   |        | add_ln355   | add | fabric | 0       |
|    add_ln355_1_fu_594_p2  | -   |        | add_ln355_1 | add | fabric | 0       |
|    sum_thr_fu_714_p2      | -   |        | sum_thr     | sub | fabric | 0       |
|    grp_fu_283_p2          | -   |        | add_ln373   | add | fabric | 0       |
|    sub_ln342_fu_787_p2    | -   |        | sub_ln342   | sub | fabric | 0       |
|    sub_ln343_fu_855_p2    | -   |        | sub_ln343   | sub | fabric | 0       |
|    add_ln344_fu_1215_p2   | -   |        | add_ln344   | add | fabric | 0       |
|    add_ln344_1_fu_1225_p2 | -   |        | add_ln344_1 | add | fabric | 0       |
|    sub_ln331_fu_955_p2    | -   |        | sub_ln331   | sub | fabric | 0       |
|    sub_ln332_fu_1023_p2   | -   |        | sub_ln332   | sub | fabric | 0       |
|    add_ln333_fu_1242_p2   | -   |        | add_ln333   | add | fabric | 0       |
|    grp_fu_283_p2          | -   |        | add_ln416   | add | fabric | 0       |
|    add_ln316_fu_1144_p2   | -   |        | add_ln316   | add | fabric | 0       |
+---------------------------+-----+--------+-------------+-----+--------+---------+


================================================================
== Bind Storage Report
================================================================
+---------------------------+------+------+--------+----------+---------+------+---------+
| Name                      | BRAM | URAM | Pragma | Variable | Storage | Impl | Latency |
+---------------------------+------+------+--------+----------+---------+------+---------+
| + mpd_data_processor_main | 0    | 0    |        |          |         |      |         |
|  + event_writer           | 0    | 0    |        |          |         |      |         |
|    avgB_1_U               | -    | -    |        | avgB_1   | ram_s2p | auto | 1       |
+---------------------------+------+------+--------+----------+---------+------+---------+


================================================================
== Pragma Report
================================================================
* Ignored Pragmas
+-----------+----------+---------------------------------------------------------------------------+-------------------------------------------------+
| Type      | Options  | Location                                                                  | Messages                                        |
+-----------+----------+---------------------------------------------------------------------------+-------------------------------------------------+
| data_pack | variable | mpd_data_processor/solution1/directives.tcl:8 in mpd_data_processor_main  | the pragma is not supported and will be ignored |
| data_pack | variable | mpd_data_processor/solution1/directives.tcl:10 in mpd_data_processor_main | the pragma is not supported and will be ignored |
| data_pack | variable | mpd_data_processor/solution1/directives.tcl:16 in mpd_data_processor_main | the pragma is not supported and will be ignored |
| data_pack | variable | mpd_data_processor/solution1/directives.tcl:17 in mpd_data_processor_main | the pragma is not supported and will be ignored |
| data_pack | variable | mpd_data_processor/solution1/directives.tcl:18 in mpd_data_processor_main | the pragma is not supported and will be ignored |
| data_pack | variable | mpd_data_processor/solution1/directives.tcl:19 in mpd_data_processor_main | the pragma is not supported and will be ignored |
| data_pack | variable | mpd_data_processor/solution1/directives.tcl:20 in mpd_data_processor_main | the pragma is not supported and will be ignored |
| data_pack | variable | mpd_data_processor/solution1/directives.tcl:21 in mpd_data_processor_main | the pragma is not supported and will be ignored |
| data_pack | variable | mpd_data_processor/solution1/directives.tcl:22 in mpd_data_processor_main | the pragma is not supported and will be ignored |
+-----------+----------+---------------------------------------------------------------------------+-------------------------------------------------+

* Pragmas with Warnings
+-----------+-------------------------------------+------------------------------------------------------------------------------------------------+------------------------------------------------------------------------------------------------------------------------------------------------------------------------------------+
| Type      | Options                             | Location                                                                                       | Messages                                                                                                                                                                           |
+-----------+-------------------------------------+------------------------------------------------------------------------------------------------+------------------------------------------------------------------------------------------------------------------------------------------------------------------------------------+
| pipeline  | enable_flush II=2                   | mpd_data_processor/solution1/directives.tcl:27 in avgb                                         | The 'enable_flush' option of the 'HLS pipeline' directive or pragma is deprecated, use style=flp instead                                                                           |
| pipeline  | enable_flush                        | mpd_data_processor/solution1/directives.tcl:30 in avgbsamplesfifoproc                          | The 'enable_flush' option of the 'HLS pipeline' directive or pragma is deprecated, use style=flp instead                                                                           |
| pipeline  | enable_flush II=64                  | mpd_data_processor/solution1/directives.tcl:28 in avgheaderdiv                                 | The 'enable_flush' option of the 'HLS pipeline' directive or pragma is deprecated, use style=flp instead                                                                           |
| pipeline  | enable_flush II=2                   | mpd_data_processor/solution1/directives.tcl:29 in event_writer                                 | The 'enable_flush' option of the 'HLS pipeline' directive or pragma is deprecated, use style=flp instead                                                                           |
| pipeline  | enable_flush II=2                   | mpd_data_processor/solution1/directives.tcl:26 in frame_decoder                                | The 'enable_flush' option of the 'HLS pipeline' directive or pragma is deprecated, use style=flp instead                                                                           |
| dataflow  |                                     | mpd_data_processor/solution1/directives.tcl:7 in mpd_data_processor_main                       | Since the only kind of statements allowed in a canonical dataflow region are variable declarations and function calls, the compiler may not be able to correctly handle the region |
|           |                                     |                                                                                                | There are a total of 7 such instances of non-canonical statements in the dataflow region                                                                                           |
| interface | ap_stable port=build_all_samples    | mpd_data_processor/solution1/directives.tcl:12 in mpd_data_processor_main, build_all_samples   | 'Ap_stable' in '#pragma HLS INTERFACE' is deprecated, use 'Stable Pragma' instead                                                                                                  |
| interface | ap_stable port=build_debug_headers  | mpd_data_processor/solution1/directives.tcl:13 in mpd_data_processor_main, build_debug_headers | 'Ap_stable' in '#pragma HLS INTERFACE' is deprecated, use 'Stable Pragma' instead                                                                                                  |
| interface | ap_stable port=enable_cm            | mpd_data_processor/solution1/directives.tcl:14 in mpd_data_processor_main, enable_cm           | 'Ap_stable' in '#pragma HLS INTERFACE' is deprecated, use 'Stable Pragma' instead                                                                                                  |
| interface | ap_stable port=fiber                | mpd_data_processor/solution1/directives.tcl:15 in mpd_data_processor_main, fiber               | 'Ap_stable' in '#pragma HLS INTERFACE' is deprecated, use 'Stable Pragma' instead                                                                                                  |
| resource  | core=RAM_1P_BRAM variable=m_apvThr  | mpd_data_processor/solution1/directives.tcl:24 in mpd_data_processor_main, m_apvThr            | 'Resource pragma' is deprecated, use 'bind_op/bind_storage pragma' instead                                                                                                         |
|           |                                     |                                                                                                | The resource pragma (bind_storage) on top-level function argument, in 'call' is unsupported, please use INTERFACE pragma instead                                                   |
| resource  | core=RAM_1P_BRAM variable=m_apvThrB | mpd_data_processor/solution1/directives.tcl:25 in mpd_data_processor_main, m_apvThrB           | 'Resource pragma' is deprecated, use 'bind_op/bind_storage pragma' instead                                                                                                         |
|           |                                     |                                                                                                | The resource pragma (bind_storage) on top-level function argument, in 'call' is unsupported, please use INTERFACE pragma instead                                                   |
| resource  | core=RAM_1P_BRAM variable=m_offset  | mpd_data_processor/solution1/directives.tcl:23 in mpd_data_processor_main, m_offset            | 'Resource pragma' is deprecated, use 'bind_op/bind_storage pragma' instead                                                                                                         |
|           |                                     |                                                                                                | The resource pragma (bind_storage) on top-level function argument, in 'call' is unsupported, please use INTERFACE pragma instead                                                   |
+-----------+-------------------------------------+------------------------------------------------------------------------------------------------+------------------------------------------------------------------------------------------------------------------------------------------------------------------------------------+

* Valid Pragma Syntax
+-----------+------------------------------------------+------------------------------------------------------------------------------------+
| Type      | Options                                  | Location                                                                           |
+-----------+------------------------------------------+------------------------------------------------------------------------------------+
| stream    | variable=s_avgASamples depth=3 type=FIFO | ../mpd_data_processor.cpp:474 in mpd_data_processor_main, s_avgASamples            |
| stream    | variable=s_avgBHeader depth=4 type=FIFO  | ../mpd_data_processor.cpp:475 in mpd_data_processor_main, s_avgBHeader             |
| interface | ap_ctrl_none port=return                 | mpd_data_processor/solution1/directives.tcl:31 in mpd_data_processor_main, return  |
| interface | ap_fifo port=s_evIn                      | mpd_data_processor/solution1/directives.tcl:9 in mpd_data_processor_main, s_evIn   |
| interface | ap_fifo port=s_evOut                     | mpd_data_processor/solution1/directives.tcl:11 in mpd_data_processor_main, s_evOut |
+-----------+------------------------------------------+------------------------------------------------------------------------------------+


